Log file open, 04/16/22 19:20:28
LogWindows: Failed to load 'aqProf.dll' (GetLastError=126)
LogWindows: File 'aqProf.dll' does not exist
LogWindows: Failed to load 'VtuneApi.dll' (GetLastError=126)
LogWindows: File 'VtuneApi.dll' does not exist
LogWindows: Failed to load 'VtuneApi32e.dll' (GetLastError=126)
LogWindows: File 'VtuneApi32e.dll' does not exist
LogConsoleResponse: Display: Failed to find resolution value strings in scalability ini. Falling back to default.
LogConsoleResponse: Display: Failed to find resolution value strings in scalability ini. Falling back to default.
LogInit: Display: Running engine for game: Parkour
LogPlatformFile: Not using cached read wrapper
LogTaskGraph: Started task graph with 5 named threads and 47 total threads with 3 sets of task threads.
LogStats: Stats thread started at 0.267706
LogICUInternationalization: ICU TimeZone Detection - Raw Offset: -8:00, Platform Override: ''
LogInit: Display: Loading text-based GConfig....
LogPluginManager: Mounting plugin MeshPainting
LogPluginManager: Mounting plugin XGEController
LogPluginManager: Mounting plugin Paper2D
LogPluginManager: Mounting plugin LiveLink
LogPluginManager: Mounting plugin AssetManagerEditor
LogPluginManager: Mounting plugin OodleNetwork
LogPluginManager: Mounting plugin CryptoKeys
LogPluginManager: Mounting plugin CurveEditorTools
LogPluginManager: Mounting plugin DataValidation
LogPluginManager: Mounting plugin FacialAnimation
LogPluginManager: Mounting plugin GameplayTagsEditor
LogPluginManager: Mounting plugin MacGraphicsSwitching
LogPluginManager: Mounting plugin GeometryMode
LogPluginManager: Mounting plugin MaterialAnalyzer
LogPluginManager: Mounting plugin LightPropagationVolume
LogPluginManager: Mounting plugin MobileLauncherProfileWizard
LogPluginManager: Mounting plugin OodleData
LogPluginManager: Mounting plugin PluginBrowser
LogPluginManager: Mounting plugin SpeedTreeImporter
LogPluginManager: Mounting plugin AnimationSharing
LogPluginManager: Mounting plugin CLionSourceCodeAccess
LogPluginManager: Mounting plugin CodeLiteSourceCodeAccess
LogPluginManager: Mounting plugin NullSourceCodeAccess
LogPluginManager: Mounting plugin GitSourceControl
LogPluginManager: Mounting plugin PixWinPlugin
LogPluginManager: Mounting plugin PerforceSourceControl
LogPluginManager: Mounting plugin KDevelopSourceCodeAccess
LogPluginManager: Mounting plugin PropertyAccessNode
LogPluginManager: Mounting plugin PluginUtils
LogPluginManager: Mounting plugin PlasticSourceControl
LogPluginManager: Mounting plugin TextureFormatOodle
LogPluginManager: Mounting plugin RiderSourceCodeAccess
LogPluginManager: Mounting plugin SubversionSourceControl
LogPluginManager: Mounting plugin Niagara
LogPluginManager: Mounting plugin DatasmithContent
LogPluginManager: Mounting plugin UObjectPlugin
LogPluginManager: Mounting plugin VariantManagerContent
LogPluginManager: Mounting plugin VisualStudioCodeSourceCodeAccess
LogPluginManager: Mounting plugin VisualStudioSourceCodeAccess
LogPluginManager: Mounting plugin XCodeSourceCodeAccess
LogPluginManager: Mounting plugin AlembicImporter
LogPluginManager: Mounting plugin AutomationUtils
LogPluginManager: Mounting plugin ChaosCloth
LogPluginManager: Mounting plugin ChaosClothEditor
LogPluginManager: Mounting plugin ChaosEditor
LogPluginManager: Mounting plugin ChaosSolverPlugin
LogPluginManager: Mounting plugin BackChannel
LogPluginManager: Mounting plugin ChaosNiagara
LogPluginManager: Mounting plugin CharacterAI
LogPluginManager: Mounting plugin LuminPlatformFeatures
LogPluginManager: Mounting plugin MagicLeap
LogPluginManager: Mounting plugin MagicLeapMedia
LogPluginManager: Mounting plugin AndroidMedia
LogPluginManager: Mounting plugin MagicLeapLightEstimation
LogPluginManager: Mounting plugin AvfMedia
LogPluginManager: Mounting plugin MagicLeapPassableWorld
LogPluginManager: Mounting plugin GeometryCache
LogPluginManager: Mounting plugin MLSDK
LogPluginManager: Mounting plugin ImgMedia
LogPluginManager: Mounting plugin GeometryCollectionPlugin
LogPluginManager: Mounting plugin GeometryProcessing
LogPluginManager: Mounting plugin TcpMessaging
LogPluginManager: Mounting plugin UdpMessaging
LogPluginManager: Mounting plugin MediaCompositing
LogPluginManager: Mounting plugin MediaPlayerEditor
LogPluginManager: Mounting plugin WebMMedia
LogPluginManager: Mounting plugin WmfMedia
LogPluginManager: Mounting plugin MotoSynth
LogPluginManager: Mounting plugin OpenImageDenoise
LogPluginManager: Mounting plugin ProxyLODPlugin
LogPluginManager: Mounting plugin PlanarCut
LogPluginManager: Mounting plugin PlatformCrypto
LogPluginManager: Mounting plugin ActorSequence
LogPluginManager: Mounting plugin PythonScriptPlugin
LogPluginManager: Mounting plugin MatineeToLevelSequence
LogPluginManager: Mounting plugin LevelSequenceEditor
LogPluginManager: Mounting plugin TemplateSequence
LogPluginManager: Mounting plugin SkeletalReduction
LogPluginManager: Mounting plugin OnlineSubsystem
LogPluginManager: Mounting plugin OnlineSubsystemNull
LogPluginManager: Mounting plugin OnlineSubsystemUtils
LogPluginManager: Mounting plugin LauncherChunkInstaller
LogPluginManager: Mounting plugin ActorLayerUtilities
LogPluginManager: Mounting plugin ScreenshotTools
LogPluginManager: Mounting plugin AndroidDeviceProfileSelector
LogPluginManager: Mounting plugin AndroidMoviePlayer
LogPluginManager: Mounting plugin AndroidPermission
LogPluginManager: Mounting plugin AppleImageUtils
LogPluginManager: Mounting plugin ArchVisCharacter
LogPluginManager: Mounting plugin AudioCapture
LogPluginManager: Mounting plugin AssetTags
LogPluginManager: Mounting plugin AppleMoviePlayer
LogPluginManager: Mounting plugin CableComponent
LogPluginManager: Mounting plugin ChunkDownloader
LogPluginManager: Mounting plugin AudioSynesthesia
LogPluginManager: Mounting plugin EditableMesh
LogPluginManager: Mounting plugin CustomMeshComponent
LogPluginManager: Mounting plugin ExampleDeviceProfileSelector
LogPluginManager: Mounting plugin GoogleCloudMessaging
LogPluginManager: Mounting plugin GooglePAD
LogPluginManager: Mounting plugin IOSDeviceProfileSelector
LogPluginManager: Mounting plugin LinuxDeviceProfileSelector
LogPluginManager: Mounting plugin LocationServicesBPLibrary
LogPluginManager: Mounting plugin Takes
LogPluginManager: Mounting plugin MobilePatchingUtils
LogPluginManager: Mounting plugin OpenXR
LogPluginManager: Mounting plugin OpenXREyeTracker
LogPluginManager: Mounting plugin OpenXRHandTracking
LogPluginManager: Mounting plugin PostSplashScreen
LogPluginManager: Mounting plugin ProceduralMeshComponent
LogPluginManager: Mounting plugin PropertyAccessEditor
LogPluginManager: Mounting plugin PhysXVehicles
LogPluginManager: Mounting plugin RuntimePhysXCooking
LogPluginManager: Mounting plugin SoundFields
LogPluginManager: Mounting plugin Synthesis
LogPluginManager: Mounting plugin SignificanceManager
LogPluginManager: Mounting plugin WebMMoviePlayer
LogPluginManager: Mounting plugin WindowsMoviePlayer
LogPluginManager: Mounting plugin AISupport
LogPluginManager: Mounting plugin EnvironmentQueryEditor
LogPluginManager: Mounting plugin CameraShakePreviewer
LogPluginManager: Mounting plugin GameplayCameras
LogPluginManager: Mounting plugin ContentBrowserAssetDataSource
LogPluginManager: Mounting plugin ContentBrowserFileDataSource
LogPluginManager: Mounting plugin ContentBrowserClassDataSource
LogPluginManager: Mounting plugin OnlineSubsystemGooglePlay
LogPluginManager: Mounting plugin OnlineSubsystemIOS
LogPluginManager: Mounting plugin OculusVR
LogPluginManager: Mounting plugin SteamVR
PixWinPlugin: PIX capture plugin failed to initialize! Check that the process is launched from PIX.
LogInit: Using libcurl 7.55.1-DEV
LogInit:  - built for x86_64-pc-win32
LogInit:  - supports SSL with OpenSSL/1.1.1
LogInit:  - supports HTTP deflate (compression) using libz 1.2.8
LogInit:  - other features:
LogInit:      CURL_VERSION_SSL
LogInit:      CURL_VERSION_LIBZ
LogInit:      CURL_VERSION_IPV6
LogInit:      CURL_VERSION_ASYNCHDNS
LogInit:      CURL_VERSION_LARGEFILE
LogInit:      CURL_VERSION_IDN
LogInit:  CurlRequestOptions (configurable via config and command line):
LogInit:  - bVerifyPeer = true  - Libcurl will verify peer certificate
LogInit:  - bUseHttpProxy = false  - Libcurl will NOT use HTTP proxy
LogInit:  - bDontReuseConnections = false  - Libcurl will reuse connections
LogInit:  - MaxHostConnections = 16  - Libcurl will limit the number of connections to a host
LogInit:  - LocalHostAddr = Default
LogInit:  - BufferSize = 65536
LogOnline: OSS: Creating online subsystem instance for: NULL
LogInit: WinSock: version 1.1 (2.2), MaxSocks=32767, MaxUdp=65467
LogOnline: OSS: TryLoadSubsystemAndSetDefault: Loaded subsystem for module [NULL]
LogOculusPluginWrapper: OculusPlugin initialized successfully
LogHMD: Failed initializing OVRPlugin 1.59.0
LogInit: Build: ++UE4+Release-4.27-CL-18319896
LogInit: Engine Version: 4.27.2-18319896+++UE4+Release-4.27
LogInit: Compatible Engine Version: 4.27.0-17155196+++UE4+Release-4.27
LogInit: Net CL: 17155196
LogInit: OS: Windows 10 (Release 2009) (), CPU: AMD Ryzen 7 2700X Eight-Core Processor         , GPU: NVIDIA GeForce GTX 1080
LogInit: Compiled (64-bit): Nov 30 2021 07:12:08
LogInit: Compiled with Visual C++: 19.24.28315.00
LogInit: Build Configuration: Development
LogInit: Branch Name: ++UE4+Release-4.27
LogInit: Command Line:  -EpicPortal -epicusername=望湖观岩 -epicuserid=f976e7cf0a2b47bb9bbf4569ea5d3725 -epiclocale=en -epicsandboxid=ue
LogInit: Base Directory: C:/Program Files/Epic Games/UE_4.27/Engine/Binaries/Win64/
LogInit: Allocator: TBB
LogInit: Installed Engine Build: 1
LogDevObjectVersion: Number of dev versions registered: 29
LogDevObjectVersion:   Dev-Blueprints (B0D832E4-1F89-4F0D-ACCF-7EB736FD4AA2): 10
LogDevObjectVersion:   Dev-Build (E1C64328-A22C-4D53-A36C-8E866417BD8C): 0
LogDevObjectVersion:   Dev-Core (375EC13C-06E4-48FB-B500-84F0262A717E): 4
LogDevObjectVersion:   Dev-Editor (E4B068ED-F494-42E9-A231-DA0B2E46BB41): 40
LogDevObjectVersion:   Dev-Framework (CFFC743F-43B0-4480-9391-14DF171D2073): 37
LogDevObjectVersion:   Dev-Mobile (B02B49B5-BB20-44E9-A304-32B752E40360): 3
LogDevObjectVersion:   Dev-Networking (A4E4105C-59A1-49B5-A7C5-40C4547EDFEE): 0
LogDevObjectVersion:   Dev-Online (39C831C9-5AE6-47DC-9A44-9C173E1C8E7C): 0
LogDevObjectVersion:   Dev-Physics (78F01B33-EBEA-4F98-B9B4-84EACCB95AA2): 14
LogDevObjectVersion:   Dev-Platform (6631380F-2D4D-43E0-8009-CF276956A95A): 0
LogDevObjectVersion:   Dev-Rendering (12F88B9F-8875-4AFC-A67C-D90C383ABD29): 45
LogDevObjectVersion:   Dev-Sequencer (7B5AE74C-D270-4C10-A958-57980B212A5A): 13
LogDevObjectVersion:   Dev-VR (D7296918-1DD6-4BDD-9DE2-64A83CC13884): 3
LogDevObjectVersion:   Dev-LoadTimes (C2A15278-BFE7-4AFE-6C17-90FF531DF755): 1
LogDevObjectVersion:   Private-Geometry (6EACA3D4-40EC-4CC1-B786-8BED09428FC5): 3
LogDevObjectVersion:   Dev-AnimPhys (29E575DD-E0A3-4627-9D10-D276232CDCEA): 17
LogDevObjectVersion:   Dev-Anim (AF43A65D-7FD3-4947-9873-3E8ED9C1BB05): 15
LogDevObjectVersion:   Dev-ReflectionCapture (6B266CEC-1EC7-4B8F-A30B-E4D90942FC07): 1
LogDevObjectVersion:   Dev-Automation (0DF73D61-A23F-47EA-B727-89E90C41499A): 1
LogDevObjectVersion:   FortniteMain (601D1886-AC64-4F84-AA16-D3DE0DEAC7D6): 47
LogDevObjectVersion:   FortniteRelease (E7086368-6B23-4C58-8439-1B7016265E91): 1
LogDevObjectVersion:   Dev-Enterprise (9DFFBCD6-494F-0158-E221-12823C92A888): 10
LogDevObjectVersion:   Dev-Niagara (F2AED0AC-9AFE-416F-8664-AA7FFA26D6FC): 1
LogDevObjectVersion:   Dev-Destruction (174F1F0B-B4C6-45A5-B13F-2EE8D0FB917D): 10
LogDevObjectVersion:   Dev-Physics-Ext (35F94A83-E258-406C-A318-09F59610247C): 41
LogDevObjectVersion:   Dev-PhysicsMaterial-Chaos (B68FC16E-8B1B-42E2-B453-215C058844FE): 1
LogDevObjectVersion:   Dev-CineCamera (B2E18506-4273-CFC2-A54E-F4BB758BBA07): 1
LogDevObjectVersion:   Dev-VirtualProduction (64F58936-FD1B-42BA-BA96-7289D5D0FA4E): 1
LogDevObjectVersion:   Dev-MediaFramework (6F0ED827-A609-4895-9C91-998D90180EA4): 2
LogInit: Presizing for max 25165824 objects, including 0 objects not considered by GC, pre-allocating 0 bytes for permanent pool.
LogConfig: Applying CVar settings from Section [/Script/Engine.StreamingSettings] File [C:/Users/Justin/Documents/GitHub/Parkour/Parkour/Saved/Config/Windows/Engine.ini]
LogConfig: Setting CVar [[s.MinBulkDataSizeForAsyncLoading:131072]]
LogConfig: Setting CVar [[s.AsyncLoadingThreadEnabled:0]]
LogConfig: Setting CVar [[s.EventDrivenLoaderEnabled:1]]
LogConfig: Setting CVar [[s.WarnIfTimeLimitExceeded:0]]
LogConfig: Setting CVar [[s.TimeLimitExceededMultiplier:1.5]]
LogConfig: Setting CVar [[s.TimeLimitExceededMinTime:0.005]]
LogConfig: Setting CVar [[s.UseBackgroundLevelStreaming:1]]
LogConfig: Setting CVar [[s.PriorityAsyncLoadingExtraTime:15.0]]
LogConfig: Setting CVar [[s.LevelStreamingActorsUpdateTimeLimit:5.0]]
LogConfig: Setting CVar [[s.PriorityLevelStreamingActorsUpdateExtraTime:5.0]]
LogConfig: Setting CVar [[s.LevelStreamingComponentsRegistrationGranularity:10]]
LogConfig: Setting CVar [[s.UnregisterComponentsTimeLimit:1.0]]
LogConfig: Setting CVar [[s.LevelStreamingComponentsUnregistrationGranularity:5]]
LogConfig: Setting CVar [[s.FlushStreamingOnExit:1]]
LogInit: Object subsystem initialized
LogConfig: Setting CVar [[con.DebugEarlyDefault:1]]
LogConfig: Setting CVar [[r.setres:1280x720]]
[2022.04.17-02.20.29:000][  0]LogConfig: Setting CVar [[r.VSync:0]]
[2022.04.17-02.20.29:000][  0]LogConfig: Setting CVar [[r.RHICmdBypass:0]]
[2022.04.17-02.20.29:000][  0]LogConfig: Applying CVar settings from Section [/Script/Engine.RendererSettings] File [C:/Users/Justin/Documents/GitHub/Parkour/Parkour/Saved/Config/Windows/Engine.ini]
[2022.04.17-02.20.29:000][  0]LogConfig: Setting CVar [[r.GPUCrashDebugging:0]]
[2022.04.17-02.20.29:000][  0]LogConfig: Applying CVar settings from Section [/Script/Engine.RendererOverrideSettings] File [C:/Users/Justin/Documents/GitHub/Parkour/Parkour/Saved/Config/Windows/Engine.ini]
[2022.04.17-02.20.29:000][  0]LogConfig: Applying CVar settings from Section [/Script/Engine.StreamingSettings] File [C:/Users/Justin/Documents/GitHub/Parkour/Parkour/Saved/Config/Windows/Engine.ini]
[2022.04.17-02.20.29:000][  0]LogConfig: Setting CVar [[s.MinBulkDataSizeForAsyncLoading:131072]]
[2022.04.17-02.20.29:000][  0]LogConfig: Setting CVar [[s.AsyncLoadingThreadEnabled:0]]
[2022.04.17-02.20.29:000][  0]LogConfig: Setting CVar [[s.EventDrivenLoaderEnabled:1]]
[2022.04.17-02.20.29:000][  0]LogConfig: Setting CVar [[s.WarnIfTimeLimitExceeded:0]]
[2022.04.17-02.20.29:000][  0]LogConfig: Setting CVar [[s.TimeLimitExceededMultiplier:1.5]]
[2022.04.17-02.20.29:000][  0]LogConfig: Setting CVar [[s.TimeLimitExceededMinTime:0.005]]
[2022.04.17-02.20.29:000][  0]LogConfig: Setting CVar [[s.UseBackgroundLevelStreaming:1]]
[2022.04.17-02.20.29:000][  0]LogConfig: Setting CVar [[s.PriorityAsyncLoadingExtraTime:15.0]]
[2022.04.17-02.20.29:000][  0]LogConfig: Setting CVar [[s.LevelStreamingActorsUpdateTimeLimit:5.0]]
[2022.04.17-02.20.29:000][  0]LogConfig: Setting CVar [[s.PriorityLevelStreamingActorsUpdateExtraTime:5.0]]
[2022.04.17-02.20.29:000][  0]LogConfig: Setting CVar [[s.LevelStreamingComponentsRegistrationGranularity:10]]
[2022.04.17-02.20.29:000][  0]LogConfig: Setting CVar [[s.UnregisterComponentsTimeLimit:1.0]]
[2022.04.17-02.20.29:000][  0]LogConfig: Setting CVar [[s.LevelStreamingComponentsUnregistrationGranularity:5]]
[2022.04.17-02.20.29:000][  0]LogConfig: Setting CVar [[s.FlushStreamingOnExit:1]]
[2022.04.17-02.20.29:000][  0]LogConfig: Applying CVar settings from Section [/Script/Engine.GarbageCollectionSettings] File [C:/Users/Justin/Documents/GitHub/Parkour/Parkour/Saved/Config/Windows/Engine.ini]
[2022.04.17-02.20.29:000][  0]LogConfig: Setting CVar [[gc.MaxObjectsNotConsideredByGC:1]]
[2022.04.17-02.20.29:000][  0]LogConfig: Setting CVar [[gc.SizeOfPermanentObjectPool:0]]
[2022.04.17-02.20.29:000][  0]LogConfig: Setting CVar [[gc.FlushStreamingOnGC:0]]
[2022.04.17-02.20.29:000][  0]LogConfig: Setting CVar [[gc.NumRetriesBeforeForcingGC:10]]
[2022.04.17-02.20.29:000][  0]LogConfig: Setting CVar [[gc.AllowParallelGC:1]]
[2022.04.17-02.20.29:000][  0]LogConfig: Setting CVar [[gc.TimeBetweenPurgingPendingKillObjects:61.1]]
[2022.04.17-02.20.29:000][  0]LogConfig: Setting CVar [[gc.MaxObjectsInEditor:25165824]]
[2022.04.17-02.20.29:000][  0]LogConfig: Setting CVar [[gc.IncrementalBeginDestroyEnabled:1]]
[2022.04.17-02.20.29:000][  0]LogConfig: Setting CVar [[gc.CreateGCClusters:1]]
[2022.04.17-02.20.29:000][  0]LogConfig: Setting CVar [[gc.MinGCClusterSize:5]]
[2022.04.17-02.20.29:000][  0]LogConfig: Setting CVar [[gc.ActorClusteringEnabled:0]]
[2022.04.17-02.20.29:000][  0]LogConfig: Setting CVar [[gc.BlueprintClusteringEnabled:0]]
[2022.04.17-02.20.29:000][  0]LogConfig: Setting CVar [[gc.UseDisregardForGCOnDedicatedServers:0]]
[2022.04.17-02.20.29:000][  0]LogConfig: Setting CVar [[gc.MultithreadedDestructionEnabled:1]]
[2022.04.17-02.20.29:000][  0]LogConfig: Applying CVar settings from Section [/Script/Engine.NetworkSettings] File [C:/Users/Justin/Documents/GitHub/Parkour/Parkour/Saved/Config/Windows/Engine.ini]
[2022.04.17-02.20.29:000][  0]LogConfig: Applying CVar settings from Section [/Script/UnrealEd.CookerSettings] File [C:/Users/Justin/Documents/GitHub/Parkour/Parkour/Saved/Config/Windows/Engine.ini]
[2022.04.17-02.20.29:022][  0]LogConfig: Applying CVar settings from Section [ViewDistanceQuality@3] File [C:/Users/Justin/Documents/GitHub/Parkour/Parkour/Saved/Config/Windows/Scalability.ini]
[2022.04.17-02.20.29:022][  0]LogConfig: Setting CVar [[r.SkeletalMeshLODBias:0]]
[2022.04.17-02.20.29:022][  0]LogConfig: Setting CVar [[r.ViewDistanceScale:1.0]]
[2022.04.17-02.20.29:022][  0]LogConfig: Applying CVar settings from Section [AntiAliasingQuality@3] File [C:/Users/Justin/Documents/GitHub/Parkour/Parkour/Saved/Config/Windows/Scalability.ini]
[2022.04.17-02.20.29:022][  0]LogConfig: Setting CVar [[r.PostProcessAAQuality:4]]
[2022.04.17-02.20.29:022][  0]LogConfig: Applying CVar settings from Section [ShadowQuality@3] File [C:/Users/Justin/Documents/GitHub/Parkour/Parkour/Saved/Config/Windows/Scalability.ini]
[2022.04.17-02.20.29:022][  0]LogConfig: Setting CVar [[r.LightFunctionQuality:1]]
[2022.04.17-02.20.29:022][  0]LogConfig: Setting CVar [[r.ShadowQuality:5]]
[2022.04.17-02.20.29:022][  0]LogConfig: Setting CVar [[r.Shadow.CSM.MaxCascades:10]]
[2022.04.17-02.20.29:022][  0]LogConfig: Setting CVar [[r.Shadow.MaxResolution:2048]]
[2022.04.17-02.20.29:022][  0]LogConfig: Setting CVar [[r.Shadow.MaxCSMResolution:2048]]
[2022.04.17-02.20.29:022][  0]LogConfig: Setting CVar [[r.Shadow.RadiusThreshold:0.01]]
[2022.04.17-02.20.29:022][  0]LogConfig: Setting CVar [[r.Shadow.DistanceScale:1.0]]
[2022.04.17-02.20.29:022][  0]LogConfig: Setting CVar [[r.Shadow.CSM.TransitionScale:1.0]]
[2022.04.17-02.20.29:022][  0]LogConfig: Setting CVar [[r.Shadow.PreShadowResolutionFactor:1.0]]
[2022.04.17-02.20.29:022][  0]LogConfig: Setting CVar [[r.DistanceFieldShadowing:1]]
[2022.04.17-02.20.29:022][  0]LogConfig: Setting CVar [[r.DistanceFieldAO:1]]
[2022.04.17-02.20.29:022][  0]LogConfig: Setting CVar [[r.AOQuality:2]]
[2022.04.17-02.20.29:022][  0]LogConfig: Setting CVar [[r.VolumetricFog:1]]
[2022.04.17-02.20.29:022][  0]LogConfig: Setting CVar [[r.VolumetricFog.GridPixelSize:8]]
[2022.04.17-02.20.29:022][  0]LogConfig: Setting CVar [[r.VolumetricFog.GridSizeZ:128]]
[2022.04.17-02.20.29:022][  0]LogConfig: Setting CVar [[r.VolumetricFog.HistoryMissSupersampleCount:4]]
[2022.04.17-02.20.29:022][  0]LogConfig: Setting CVar [[r.LightMaxDrawDistanceScale:1]]
[2022.04.17-02.20.29:022][  0]LogConfig: Setting CVar [[r.CapsuleShadows:1]]
[2022.04.17-02.20.29:022][  0]LogConfig: Applying CVar settings from Section [PostProcessQuality@3] File [C:/Users/Justin/Documents/GitHub/Parkour/Parkour/Saved/Config/Windows/Scalability.ini]
[2022.04.17-02.20.29:022][  0]LogConfig: Setting CVar [[r.MotionBlurQuality:4]]
[2022.04.17-02.20.29:022][  0]LogConfig: Setting CVar [[r.AmbientOcclusionMipLevelFactor:0.4]]
[2022.04.17-02.20.29:022][  0]LogConfig: Setting CVar [[r.AmbientOcclusionMaxQuality:100]]
[2022.04.17-02.20.29:022][  0]LogConfig: Setting CVar [[r.AmbientOcclusionLevels:-1]]
[2022.04.17-02.20.29:022][  0]LogConfig: Setting CVar [[r.AmbientOcclusionRadiusScale:1.0]]
[2022.04.17-02.20.29:022][  0]LogConfig: Setting CVar [[r.DepthOfFieldQuality:2]]
[2022.04.17-02.20.29:022][  0]LogConfig: Setting CVar [[r.RenderTargetPoolMin:400]]
[2022.04.17-02.20.29:022][  0]LogConfig: Setting CVar [[r.LensFlareQuality:2]]
[2022.04.17-02.20.29:022][  0]LogConfig: Setting CVar [[r.SceneColorFringeQuality:1]]
[2022.04.17-02.20.29:022][  0]LogConfig: Setting CVar [[r.EyeAdaptationQuality:2]]
[2022.04.17-02.20.29:022][  0]LogConfig: Setting CVar [[r.BloomQuality:5]]
[2022.04.17-02.20.29:022][  0]LogConfig: Setting CVar [[r.FastBlurThreshold:100]]
[2022.04.17-02.20.29:022][  0]LogConfig: Setting CVar [[r.Upscale.Quality:3]]
[2022.04.17-02.20.29:022][  0]LogConfig: Setting CVar [[r.Tonemapper.GrainQuantization:1]]
[2022.04.17-02.20.29:022][  0]LogConfig: Setting CVar [[r.LightShaftQuality:1]]
[2022.04.17-02.20.29:022][  0]LogConfig: Setting CVar [[r.Filter.SizeScale:1]]
[2022.04.17-02.20.29:022][  0]LogConfig: Setting CVar [[r.Tonemapper.Quality:5]]
[2022.04.17-02.20.29:022][  0]LogConfig: Setting CVar [[r.DOF.Gather.AccumulatorQuality:1        ; higher gathering accumulator quality]]
[2022.04.17-02.20.29:022][  0]LogConfig: Setting CVar [[r.DOF.Gather.PostfilterMethod:1          ; Median3x3 postfilering method]]
[2022.04.17-02.20.29:022][  0]LogConfig: Setting CVar [[r.DOF.Gather.EnableBokehSettings:0       ; no bokeh simulation when gathering]]
[2022.04.17-02.20.29:022][  0]LogConfig: Setting CVar [[r.DOF.Gather.RingCount:4                 ; medium number of samples when gathering]]
[2022.04.17-02.20.29:022][  0]LogConfig: Setting CVar [[r.DOF.Scatter.ForegroundCompositing:1    ; additive foreground scattering]]
[2022.04.17-02.20.29:022][  0]LogConfig: Setting CVar [[r.DOF.Scatter.BackgroundCompositing:2    ; additive background scattering]]
[2022.04.17-02.20.29:022][  0]LogConfig: Setting CVar [[r.DOF.Scatter.EnableBokehSettings:1      ; bokeh simulation when scattering]]
[2022.04.17-02.20.29:022][  0]LogConfig: Setting CVar [[r.DOF.Scatter.MaxSpriteRatio:0.1         ; only a maximum of 10% of scattered bokeh]]
[2022.04.17-02.20.29:022][  0]LogConfig: Setting CVar [[r.DOF.Recombine.Quality:1                ; cheap slight out of focus]]
[2022.04.17-02.20.29:022][  0]LogConfig: Setting CVar [[r.DOF.Recombine.EnableBokehSettings:0    ; no bokeh simulation on slight out of focus]]
[2022.04.17-02.20.29:022][  0]LogConfig: Setting CVar [[r.DOF.TemporalAAQuality:1                ; more stable temporal accumulation]]
[2022.04.17-02.20.29:022][  0]LogConfig: Setting CVar [[r.DOF.Kernel.MaxForegroundRadius:0.025]]
[2022.04.17-02.20.29:023][  0]LogConfig: Setting CVar [[r.DOF.Kernel.MaxBackgroundRadius:0.025]]
[2022.04.17-02.20.29:023][  0]LogConfig: Applying CVar settings from Section [TextureQuality@3] File [C:/Users/Justin/Documents/GitHub/Parkour/Parkour/Saved/Config/Windows/Scalability.ini]
[2022.04.17-02.20.29:023][  0]LogConfig: Setting CVar [[r.Streaming.MipBias:0]]
[2022.04.17-02.20.29:023][  0]LogConfig: Setting CVar [[r.Streaming.AmortizeCPUToGPUCopy:0]]
[2022.04.17-02.20.29:023][  0]LogConfig: Setting CVar [[r.Streaming.MaxNumTexturesToStreamPerFrame:0]]
[2022.04.17-02.20.29:023][  0]LogConfig: Setting CVar [[r.Streaming.Boost:1]]
[2022.04.17-02.20.29:023][  0]LogConfig: Setting CVar [[r.MaxAnisotropy:8]]
[2022.04.17-02.20.29:023][  0]LogConfig: Setting CVar [[r.VT.MaxAnisotropy:8]]
[2022.04.17-02.20.29:023][  0]LogConfig: Setting CVar [[r.Streaming.LimitPoolSizeToVRAM:0]]
[2022.04.17-02.20.29:023][  0]LogConfig: Setting CVar [[r.Streaming.PoolSize:1000]]
[2022.04.17-02.20.29:023][  0]LogConfig: Setting CVar [[r.Streaming.MaxEffectiveScreenSize:0]]
[2022.04.17-02.20.29:023][  0]LogConfig: Applying CVar settings from Section [EffectsQuality@3] File [C:/Users/Justin/Documents/GitHub/Parkour/Parkour/Saved/Config/Windows/Scalability.ini]
[2022.04.17-02.20.29:023][  0]LogConfig: Setting CVar [[r.TranslucencyLightingVolumeDim:64]]
[2022.04.17-02.20.29:023][  0]LogConfig: Setting CVar [[r.RefractionQuality:2]]
[2022.04.17-02.20.29:023][  0]LogConfig: Setting CVar [[r.SSR.Quality:3]]
[2022.04.17-02.20.29:023][  0]LogConfig: Setting CVar [[r.SSR.HalfResSceneColor:0]]
[2022.04.17-02.20.29:023][  0]LogConfig: Setting CVar [[r.SceneColorFormat:4]]
[2022.04.17-02.20.29:023][  0]LogConfig: Setting CVar [[r.DetailMode:2]]
[2022.04.17-02.20.29:023][  0]LogConfig: Setting CVar [[r.TranslucencyVolumeBlur:1]]
[2022.04.17-02.20.29:023][  0]LogConfig: Setting CVar [[r.MaterialQualityLevel:1 ; High quality]]
[2022.04.17-02.20.29:023][  0]LogConfig: Setting CVar [[r.AnisotropicMaterials:1]]
[2022.04.17-02.20.29:023][  0]LogConfig: Setting CVar [[r.SSS.Scale:1]]
[2022.04.17-02.20.29:023][  0]LogConfig: Setting CVar [[r.SSS.SampleSet:2]]
[2022.04.17-02.20.29:023][  0]LogConfig: Setting CVar [[r.SSS.Quality:1]]
[2022.04.17-02.20.29:023][  0]LogConfig: Setting CVar [[r.SSS.HalfRes:0]]
[2022.04.17-02.20.29:023][  0]LogConfig: Setting CVar [[r.SSGI.Quality:3]]
[2022.04.17-02.20.29:023][  0]LogConfig: Setting CVar [[r.EmitterSpawnRateScale:1.0]]
[2022.04.17-02.20.29:023][  0]LogConfig: Setting CVar [[r.ParticleLightQuality:2]]
[2022.04.17-02.20.29:023][  0]LogConfig: Setting CVar [[r.SkyAtmosphere.AerialPerspectiveLUT.FastApplyOnOpaque:1 ; Always have FastSkyLUT 1 in this case to avoid wrong sky]]
[2022.04.17-02.20.29:023][  0]LogConfig: Setting CVar [[r.SkyAtmosphere.AerialPerspectiveLUT.SampleCountMaxPerSlice:4]]
[2022.04.17-02.20.29:023][  0]LogConfig: Setting CVar [[r.SkyAtmosphere.AerialPerspectiveLUT.DepthResolution:16.0]]
[2022.04.17-02.20.29:023][  0]LogConfig: Setting CVar [[r.SkyAtmosphere.FastSkyLUT:1]]
[2022.04.17-02.20.29:023][  0]LogConfig: Setting CVar [[r.SkyAtmosphere.FastSkyLUT.SampleCountMin:4.0]]
[2022.04.17-02.20.29:023][  0]LogConfig: Setting CVar [[r.SkyAtmosphere.FastSkyLUT.SampleCountMax:128.0]]
[2022.04.17-02.20.29:023][  0]LogConfig: Setting CVar [[r.SkyAtmosphere.SampleCountMin:4.0]]
[2022.04.17-02.20.29:023][  0]LogConfig: Setting CVar [[r.SkyAtmosphere.SampleCountMax:128.0]]
[2022.04.17-02.20.29:023][  0]LogConfig: Setting CVar [[r.SkyAtmosphere.TransmittanceLUT.UseSmallFormat:0]]
[2022.04.17-02.20.29:023][  0]LogConfig: Setting CVar [[r.SkyAtmosphere.TransmittanceLUT.SampleCount:10.0]]
[2022.04.17-02.20.29:023][  0]LogConfig: Setting CVar [[r.SkyAtmosphere.MultiScatteringLUT.SampleCount:15.0]]
[2022.04.17-02.20.29:023][  0]LogConfig: Setting CVar [[r.SkyLight.RealTimeReflectionCapture:1]]
[2022.04.17-02.20.29:023][  0]LogConfig: Applying CVar settings from Section [FoliageQuality@3] File [C:/Users/Justin/Documents/GitHub/Parkour/Parkour/Saved/Config/Windows/Scalability.ini]
[2022.04.17-02.20.29:023][  0]LogConfig: Setting CVar [[foliage.DensityScale:1.0]]
[2022.04.17-02.20.29:023][  0]LogConfig: Setting CVar [[grass.DensityScale:1.0]]
[2022.04.17-02.20.29:023][  0]LogConfig: Applying CVar settings from Section [ShadingQuality@3] File [C:/Users/Justin/Documents/GitHub/Parkour/Parkour/Saved/Config/Windows/Scalability.ini]
[2022.04.17-02.20.29:023][  0]LogConfig: Setting CVar [[r.HairStrands.SkyLighting.IntegrationType:2]]
[2022.04.17-02.20.29:023][  0]LogConfig: Setting CVar [[r.HairStrands.SkyAO.SampleCount:4]]
[2022.04.17-02.20.29:023][  0]LogConfig: Setting CVar [[r.HairStrands.Visibility.MSAA.SamplePerPixel:4]]
[2022.04.17-02.20.29:023][  0]LogInit: Selected Device Profile: [Windows]
[2022.04.17-02.20.29:023][  0]LogInit: Applying CVar settings loaded from the selected device profile: [Windows]
[2022.04.17-02.20.29:023][  0]LogHAL: Display: Platform has ~ 16 GB [17105469440 / 17179869184 / 16], which maps to Larger [LargestMinGB=32, LargerMinGB=12, DefaultMinGB=8, SmallerMinGB=6, SmallestMinGB=0)
[2022.04.17-02.20.29:023][  0]LogInit: Going up to parent DeviceProfile []
[2022.04.17-02.20.29:023][  0]LogConfig: Applying CVar settings from Section [ViewDistanceQuality@3] File [C:/Users/Justin/Documents/GitHub/Parkour/Parkour/Saved/Config/Windows/Scalability.ini]
[2022.04.17-02.20.29:023][  0]LogConfig: Setting CVar [[r.SkeletalMeshLODBias:0]]
[2022.04.17-02.20.29:023][  0]LogConfig: Setting CVar [[r.ViewDistanceScale:1.0]]
[2022.04.17-02.20.29:023][  0]LogConfig: Applying CVar settings from Section [AntiAliasingQuality@3] File [C:/Users/Justin/Documents/GitHub/Parkour/Parkour/Saved/Config/Windows/Scalability.ini]
[2022.04.17-02.20.29:023][  0]LogConfig: Setting CVar [[r.PostProcessAAQuality:4]]
[2022.04.17-02.20.29:023][  0]LogConfig: Applying CVar settings from Section [ShadowQuality@3] File [C:/Users/Justin/Documents/GitHub/Parkour/Parkour/Saved/Config/Windows/Scalability.ini]
[2022.04.17-02.20.29:023][  0]LogConfig: Setting CVar [[r.LightFunctionQuality:1]]
[2022.04.17-02.20.29:023][  0]LogConfig: Setting CVar [[r.ShadowQuality:5]]
[2022.04.17-02.20.29:023][  0]LogConfig: Setting CVar [[r.Shadow.CSM.MaxCascades:10]]
[2022.04.17-02.20.29:023][  0]LogConfig: Setting CVar [[r.Shadow.MaxResolution:2048]]
[2022.04.17-02.20.29:023][  0]LogConfig: Setting CVar [[r.Shadow.MaxCSMResolution:2048]]
[2022.04.17-02.20.29:023][  0]LogConfig: Setting CVar [[r.Shadow.RadiusThreshold:0.01]]
[2022.04.17-02.20.29:023][  0]LogConfig: Setting CVar [[r.Shadow.DistanceScale:1.0]]
[2022.04.17-02.20.29:023][  0]LogConfig: Setting CVar [[r.Shadow.CSM.TransitionScale:1.0]]
[2022.04.17-02.20.29:023][  0]LogConfig: Setting CVar [[r.Shadow.PreShadowResolutionFactor:1.0]]
[2022.04.17-02.20.29:023][  0]LogConfig: Setting CVar [[r.DistanceFieldShadowing:1]]
[2022.04.17-02.20.29:023][  0]LogConfig: Setting CVar [[r.DistanceFieldAO:1]]
[2022.04.17-02.20.29:023][  0]LogConfig: Setting CVar [[r.AOQuality:2]]
[2022.04.17-02.20.29:023][  0]LogConfig: Setting CVar [[r.VolumetricFog:1]]
[2022.04.17-02.20.29:023][  0]LogConfig: Setting CVar [[r.VolumetricFog.GridPixelSize:8]]
[2022.04.17-02.20.29:024][  0]LogConfig: Setting CVar [[r.VolumetricFog.GridSizeZ:128]]
[2022.04.17-02.20.29:024][  0]LogConfig: Setting CVar [[r.VolumetricFog.HistoryMissSupersampleCount:4]]
[2022.04.17-02.20.29:024][  0]LogConfig: Setting CVar [[r.LightMaxDrawDistanceScale:1]]
[2022.04.17-02.20.29:024][  0]LogConfig: Setting CVar [[r.CapsuleShadows:1]]
[2022.04.17-02.20.29:024][  0]LogConfig: Applying CVar settings from Section [PostProcessQuality@3] File [C:/Users/Justin/Documents/GitHub/Parkour/Parkour/Saved/Config/Windows/Scalability.ini]
[2022.04.17-02.20.29:024][  0]LogConfig: Setting CVar [[r.MotionBlurQuality:4]]
[2022.04.17-02.20.29:024][  0]LogConfig: Setting CVar [[r.AmbientOcclusionMipLevelFactor:0.4]]
[2022.04.17-02.20.29:024][  0]LogConfig: Setting CVar [[r.AmbientOcclusionMaxQuality:100]]
[2022.04.17-02.20.29:024][  0]LogConfig: Setting CVar [[r.AmbientOcclusionLevels:-1]]
[2022.04.17-02.20.29:024][  0]LogConfig: Setting CVar [[r.AmbientOcclusionRadiusScale:1.0]]
[2022.04.17-02.20.29:024][  0]LogConfig: Setting CVar [[r.DepthOfFieldQuality:2]]
[2022.04.17-02.20.29:024][  0]LogConfig: Setting CVar [[r.RenderTargetPoolMin:400]]
[2022.04.17-02.20.29:024][  0]LogConfig: Setting CVar [[r.LensFlareQuality:2]]
[2022.04.17-02.20.29:024][  0]LogConfig: Setting CVar [[r.SceneColorFringeQuality:1]]
[2022.04.17-02.20.29:024][  0]LogConfig: Setting CVar [[r.EyeAdaptationQuality:2]]
[2022.04.17-02.20.29:024][  0]LogConfig: Setting CVar [[r.BloomQuality:5]]
[2022.04.17-02.20.29:024][  0]LogConfig: Setting CVar [[r.FastBlurThreshold:100]]
[2022.04.17-02.20.29:024][  0]LogConfig: Setting CVar [[r.Upscale.Quality:3]]
[2022.04.17-02.20.29:024][  0]LogConfig: Setting CVar [[r.Tonemapper.GrainQuantization:1]]
[2022.04.17-02.20.29:024][  0]LogConfig: Setting CVar [[r.LightShaftQuality:1]]
[2022.04.17-02.20.29:024][  0]LogConfig: Setting CVar [[r.Filter.SizeScale:1]]
[2022.04.17-02.20.29:024][  0]LogConfig: Setting CVar [[r.Tonemapper.Quality:5]]
[2022.04.17-02.20.29:024][  0]LogConfig: Setting CVar [[r.DOF.Gather.AccumulatorQuality:1        ; higher gathering accumulator quality]]
[2022.04.17-02.20.29:024][  0]LogConfig: Setting CVar [[r.DOF.Gather.PostfilterMethod:1          ; Median3x3 postfilering method]]
[2022.04.17-02.20.29:024][  0]LogConfig: Setting CVar [[r.DOF.Gather.EnableBokehSettings:0       ; no bokeh simulation when gathering]]
[2022.04.17-02.20.29:024][  0]LogConfig: Setting CVar [[r.DOF.Gather.RingCount:4                 ; medium number of samples when gathering]]
[2022.04.17-02.20.29:024][  0]LogConfig: Setting CVar [[r.DOF.Scatter.ForegroundCompositing:1    ; additive foreground scattering]]
[2022.04.17-02.20.29:024][  0]LogConfig: Setting CVar [[r.DOF.Scatter.BackgroundCompositing:2    ; additive background scattering]]
[2022.04.17-02.20.29:024][  0]LogConfig: Setting CVar [[r.DOF.Scatter.EnableBokehSettings:1      ; bokeh simulation when scattering]]
[2022.04.17-02.20.29:024][  0]LogConfig: Setting CVar [[r.DOF.Scatter.MaxSpriteRatio:0.1         ; only a maximum of 10% of scattered bokeh]]
[2022.04.17-02.20.29:024][  0]LogConfig: Setting CVar [[r.DOF.Recombine.Quality:1                ; cheap slight out of focus]]
[2022.04.17-02.20.29:024][  0]LogConfig: Setting CVar [[r.DOF.Recombine.EnableBokehSettings:0    ; no bokeh simulation on slight out of focus]]
[2022.04.17-02.20.29:024][  0]LogConfig: Setting CVar [[r.DOF.TemporalAAQuality:1                ; more stable temporal accumulation]]
[2022.04.17-02.20.29:024][  0]LogConfig: Setting CVar [[r.DOF.Kernel.MaxForegroundRadius:0.025]]
[2022.04.17-02.20.29:024][  0]LogConfig: Setting CVar [[r.DOF.Kernel.MaxBackgroundRadius:0.025]]
[2022.04.17-02.20.29:024][  0]LogConfig: Applying CVar settings from Section [TextureQuality@3] File [C:/Users/Justin/Documents/GitHub/Parkour/Parkour/Saved/Config/Windows/Scalability.ini]
[2022.04.17-02.20.29:024][  0]LogConfig: Setting CVar [[r.Streaming.MipBias:0]]
[2022.04.17-02.20.29:024][  0]LogConfig: Setting CVar [[r.Streaming.AmortizeCPUToGPUCopy:0]]
[2022.04.17-02.20.29:024][  0]LogConfig: Setting CVar [[r.Streaming.MaxNumTexturesToStreamPerFrame:0]]
[2022.04.17-02.20.29:024][  0]LogConfig: Setting CVar [[r.Streaming.Boost:1]]
[2022.04.17-02.20.29:024][  0]LogConfig: Setting CVar [[r.MaxAnisotropy:8]]
[2022.04.17-02.20.29:024][  0]LogConfig: Setting CVar [[r.VT.MaxAnisotropy:8]]
[2022.04.17-02.20.29:024][  0]LogConfig: Setting CVar [[r.Streaming.LimitPoolSizeToVRAM:0]]
[2022.04.17-02.20.29:024][  0]LogConfig: Setting CVar [[r.Streaming.PoolSize:1000]]
[2022.04.17-02.20.29:024][  0]LogConfig: Setting CVar [[r.Streaming.MaxEffectiveScreenSize:0]]
[2022.04.17-02.20.29:024][  0]LogConfig: Applying CVar settings from Section [EffectsQuality@3] File [C:/Users/Justin/Documents/GitHub/Parkour/Parkour/Saved/Config/Windows/Scalability.ini]
[2022.04.17-02.20.29:024][  0]LogConfig: Setting CVar [[r.TranslucencyLightingVolumeDim:64]]
[2022.04.17-02.20.29:024][  0]LogConfig: Setting CVar [[r.RefractionQuality:2]]
[2022.04.17-02.20.29:024][  0]LogConfig: Setting CVar [[r.SSR.Quality:3]]
[2022.04.17-02.20.29:024][  0]LogConfig: Setting CVar [[r.SSR.HalfResSceneColor:0]]
[2022.04.17-02.20.29:024][  0]LogConfig: Setting CVar [[r.SceneColorFormat:4]]
[2022.04.17-02.20.29:024][  0]LogConfig: Setting CVar [[r.DetailMode:2]]
[2022.04.17-02.20.29:024][  0]LogConfig: Setting CVar [[r.TranslucencyVolumeBlur:1]]
[2022.04.17-02.20.29:024][  0]LogConfig: Setting CVar [[r.MaterialQualityLevel:1 ; High quality]]
[2022.04.17-02.20.29:024][  0]LogConfig: Setting CVar [[r.AnisotropicMaterials:1]]
[2022.04.17-02.20.29:024][  0]LogConfig: Setting CVar [[r.SSS.Scale:1]]
[2022.04.17-02.20.29:024][  0]LogConfig: Setting CVar [[r.SSS.SampleSet:2]]
[2022.04.17-02.20.29:024][  0]LogConfig: Setting CVar [[r.SSS.Quality:1]]
[2022.04.17-02.20.29:024][  0]LogConfig: Setting CVar [[r.SSS.HalfRes:0]]
[2022.04.17-02.20.29:024][  0]LogConfig: Setting CVar [[r.SSGI.Quality:3]]
[2022.04.17-02.20.29:024][  0]LogConfig: Setting CVar [[r.EmitterSpawnRateScale:1.0]]
[2022.04.17-02.20.29:024][  0]LogConfig: Setting CVar [[r.ParticleLightQuality:2]]
[2022.04.17-02.20.29:024][  0]LogConfig: Setting CVar [[r.SkyAtmosphere.AerialPerspectiveLUT.FastApplyOnOpaque:1 ; Always have FastSkyLUT 1 in this case to avoid wrong sky]]
[2022.04.17-02.20.29:024][  0]LogConfig: Setting CVar [[r.SkyAtmosphere.AerialPerspectiveLUT.SampleCountMaxPerSlice:4]]
[2022.04.17-02.20.29:024][  0]LogConfig: Setting CVar [[r.SkyAtmosphere.AerialPerspectiveLUT.DepthResolution:16.0]]
[2022.04.17-02.20.29:024][  0]LogConfig: Setting CVar [[r.SkyAtmosphere.FastSkyLUT:1]]
[2022.04.17-02.20.29:024][  0]LogConfig: Setting CVar [[r.SkyAtmosphere.FastSkyLUT.SampleCountMin:4.0]]
[2022.04.17-02.20.29:024][  0]LogConfig: Setting CVar [[r.SkyAtmosphere.FastSkyLUT.SampleCountMax:128.0]]
[2022.04.17-02.20.29:024][  0]LogConfig: Setting CVar [[r.SkyAtmosphere.SampleCountMin:4.0]]
[2022.04.17-02.20.29:024][  0]LogConfig: Setting CVar [[r.SkyAtmosphere.SampleCountMax:128.0]]
[2022.04.17-02.20.29:024][  0]LogConfig: Setting CVar [[r.SkyAtmosphere.TransmittanceLUT.UseSmallFormat:0]]
[2022.04.17-02.20.29:024][  0]LogConfig: Setting CVar [[r.SkyAtmosphere.TransmittanceLUT.SampleCount:10.0]]
[2022.04.17-02.20.29:024][  0]LogConfig: Setting CVar [[r.SkyAtmosphere.MultiScatteringLUT.SampleCount:15.0]]
[2022.04.17-02.20.29:024][  0]LogConfig: Setting CVar [[r.SkyLight.RealTimeReflectionCapture:1]]
[2022.04.17-02.20.29:024][  0]LogConfig: Applying CVar settings from Section [FoliageQuality@3] File [C:/Users/Justin/Documents/GitHub/Parkour/Parkour/Saved/Config/Windows/Scalability.ini]
[2022.04.17-02.20.29:024][  0]LogConfig: Setting CVar [[foliage.DensityScale:1.0]]
[2022.04.17-02.20.29:024][  0]LogConfig: Setting CVar [[grass.DensityScale:1.0]]
[2022.04.17-02.20.29:024][  0]LogConfig: Applying CVar settings from Section [ShadingQuality@3] File [C:/Users/Justin/Documents/GitHub/Parkour/Parkour/Saved/Config/Windows/Scalability.ini]
[2022.04.17-02.20.29:024][  0]LogConfig: Setting CVar [[r.HairStrands.SkyLighting.IntegrationType:2]]
[2022.04.17-02.20.29:024][  0]LogConfig: Setting CVar [[r.HairStrands.SkyAO.SampleCount:4]]
[2022.04.17-02.20.29:024][  0]LogConfig: Setting CVar [[r.HairStrands.Visibility.MSAA.SamplePerPixel:4]]
[2022.04.17-02.20.29:024][  0]LogConfig: Applying CVar settings from Section [Startup] File [../../../Engine/Config/ConsoleVariables.ini]
[2022.04.17-02.20.29:025][  0]LogConfig: Setting CVar [[net.UseAdaptiveNetUpdateFrequency:0]]
[2022.04.17-02.20.29:025][  0]LogConfig: Setting CVar [[p.chaos.AllowCreatePhysxBodies:1]]
[2022.04.17-02.20.29:025][  0]LogConfig: Setting CVar [[fx.SkipVectorVMBackendOptimizations:1]]
[2022.04.17-02.20.29:025][  0]LogConfig: Applying CVar settings from Section [ConsoleVariables] File [C:/Users/Justin/Documents/GitHub/Parkour/Parkour/Saved/Config/Windows/Engine.ini]
[2022.04.17-02.20.29:025][  0]LogConfig: Applying CVar settings from Section [ConsoleVariables] File [C:/Users/Justin/Documents/GitHub/Parkour/Parkour/Saved/Config/Windows/Editor.ini]
[2022.04.17-02.20.29:025][  0]LogInit: Computer: DESKTOP-VL0O7R0
[2022.04.17-02.20.29:025][  0]LogInit: User: Justin
[2022.04.17-02.20.29:025][  0]LogInit: CPU Page size=4096, Cores=8
[2022.04.17-02.20.29:025][  0]LogInit: High frequency timer resolution =10.000000 MHz
[2022.04.17-02.20.29:025][  0]LogMemory: Memory total: Physical=15.9GB (16GB approx)
[2022.04.17-02.20.29:025][  0]LogMemory: Platform Memory Stats for Windows
[2022.04.17-02.20.29:025][  0]LogMemory: Process Physical Memory: 146.84 MB used, 146.84 MB peak
[2022.04.17-02.20.29:025][  0]LogMemory: Process Virtual Memory: 131.02 MB used, 131.02 MB peak
[2022.04.17-02.20.29:025][  0]LogMemory: Physical Memory: 8423.92 MB used,  7889.13 MB free, 16313.05 MB total
[2022.04.17-02.20.29:025][  0]LogMemory: Virtual Memory: 134206192.00 MB used,  11531.91 MB free, 134217728.00 MB total
[2022.04.17-02.20.29:031][  0]LogWindows: WindowsPlatformFeatures enabled
[2022.04.17-02.20.29:085][  0]LogInit: Physics initialised using underlying interface: PhysX
[2022.04.17-02.20.29:086][  0]LogInit: Using OS detected language (en-US).
[2022.04.17-02.20.29:086][  0]LogInit: Using OS detected locale (en-US).
[2022.04.17-02.20.29:090][  0]LogTextLocalizationManager: No specific localization for 'en-US' exists, so the 'en' localization will be used.
[2022.04.17-02.20.29:311][  0]LogInit: Setting process to per monitor DPI aware
[2022.04.17-02.20.29:328][  0]LogWindowsTextInputMethodSystem: Display: IME system deactivated.
[2022.04.17-02.20.29:350][  0]LogSlate: New Slate User Created.  User Index 0, Is Virtual User: 0
[2022.04.17-02.20.29:350][  0]LogSlate: Slate User Registered.  User Index 0, Is Virtual User: 0
[2022.04.17-02.20.29:528][  0]LogD3D11RHI: Loaded GFSDK_Aftermath_Lib.x64.dll
[2022.04.17-02.20.29:532][  0]LogHMD: Failed to initialize OpenVR with code 110
[2022.04.17-02.20.29:532][  0]LogD3D11RHI: D3D11 min allowed feature level: 11_0
[2022.04.17-02.20.29:532][  0]LogD3D11RHI: D3D11 max allowed feature level: 11_0
[2022.04.17-02.20.29:532][  0]LogD3D11RHI: D3D11 adapters:
[2022.04.17-02.20.29:649][  0]LogD3D11RHI:    0. 'NVIDIA GeForce GTX 1080' (Feature Level 11_0)
[2022.04.17-02.20.29:649][  0]LogD3D11RHI:       8079/0/8156 MB DedicatedVideo/DedicatedSystem/SharedSystem, Outputs:2, VendorId:0x10de
[2022.04.17-02.20.29:651][  0]LogD3D11RHI:    1. 'Microsoft Basic Render Driver' (Feature Level 11_0)
[2022.04.17-02.20.29:651][  0]LogD3D11RHI:       0/0/8156 MB DedicatedVideo/DedicatedSystem/SharedSystem, Outputs:0, VendorId:0x1414
[2022.04.17-02.20.29:652][  0]LogD3D11RHI: Chosen D3D11 Adapter:
[2022.04.17-02.20.29:652][  0]LogD3D11RHI:     Description : NVIDIA GeForce GTX 1080
[2022.04.17-02.20.29:652][  0]LogD3D11RHI:     VendorId    : 10de
[2022.04.17-02.20.29:652][  0]LogD3D11RHI:     DeviceId    : 1b80
[2022.04.17-02.20.29:652][  0]LogD3D11RHI:     SubSysId    : 62863842
[2022.04.17-02.20.29:652][  0]LogD3D11RHI:     Revision    : 00a1
[2022.04.17-02.20.29:652][  0]LogD3D11RHI:     DedicatedVideoMemory : 8471445504 bytes
[2022.04.17-02.20.29:652][  0]LogD3D11RHI:     DedicatedSystemMemory : 0 bytes
[2022.04.17-02.20.29:652][  0]LogD3D11RHI:     SharedSystemMemory : 8552734720 bytes
[2022.04.17-02.20.29:652][  0]LogD3D11RHI:     AdapterLuid : 0 45564
[2022.04.17-02.20.29:660][  0]LogD3D11RHI: Creating new Direct3DDevice
[2022.04.17-02.20.29:660][  0]LogD3D11RHI:     GPU DeviceId: 0x1b80 (for the marketing name, search the web for "GPU Device Id")
[2022.04.17-02.20.29:660][  0]LogWindows: EnumDisplayDevices:
[2022.04.17-02.20.29:660][  0]LogWindows:    0. 'NVIDIA GeForce GTX 1080' (P:0 D:1)
[2022.04.17-02.20.29:661][  0]LogWindows:    1. 'NVIDIA GeForce GTX 1080' (P:1 D:1)
[2022.04.17-02.20.29:661][  0]LogWindows:    2. 'NVIDIA GeForce GTX 1080' (P:0 D:0)
[2022.04.17-02.20.29:661][  0]LogWindows:    3. 'NVIDIA GeForce GTX 1080' (P:0 D:0)
[2022.04.17-02.20.29:661][  0]LogWindows: DebugString: FoundDriverCount:4 
[2022.04.17-02.20.29:661][  0]LogD3D11RHI:     Adapter Name: NVIDIA GeForce GTX 1080
[2022.04.17-02.20.29:661][  0]LogD3D11RHI:   Driver Version: 511.79 (internal:30.0.15.1179, unified:511.79)
[2022.04.17-02.20.29:661][  0]LogD3D11RHI:      Driver Date: 2-10-2022
[2022.04.17-02.20.29:661][  0]LogRHI: Texture pool is 5655 MB (70% of 8079 MB)
[2022.04.17-02.20.29:661][  0]LogD3D11RHI: Creating D3DDevice using adapter:
[2022.04.17-02.20.29:661][  0]LogD3D11RHI:     Description : NVIDIA GeForce GTX 1080
[2022.04.17-02.20.29:661][  0]LogD3D11RHI:     VendorId    : 10de
[2022.04.17-02.20.29:661][  0]LogD3D11RHI:     DeviceId    : 1b80
[2022.04.17-02.20.29:661][  0]LogD3D11RHI:     SubSysId    : 62863842
[2022.04.17-02.20.29:661][  0]LogD3D11RHI:     Revision    : 00a1
[2022.04.17-02.20.29:662][  0]LogD3D11RHI:     DedicatedVideoMemory : 8471445504 bytes
[2022.04.17-02.20.29:662][  0]LogD3D11RHI:     DedicatedSystemMemory : 0 bytes
[2022.04.17-02.20.29:662][  0]LogD3D11RHI:     SharedSystemMemory : 8552734720 bytes
[2022.04.17-02.20.29:662][  0]LogD3D11RHI:     AdapterLuid : 0 45564
[2022.04.17-02.20.29:733][  0]LogD3D11RHI: RHI has support for 64 bit atomics
[2022.04.17-02.20.29:733][  0]LogD3D11RHI: Async texture creation enabled
[2022.04.17-02.20.29:733][  0]LogD3D11RHI: Array index from any shader is supported
[2022.04.17-02.20.29:735][  0]LogD3D11RHI: HDR output is supported on display 0 (NvId: 0x80061087).
[2022.04.17-02.20.29:752][  0]LogD3D11RHI: GPU Timing Frequency: 1000.000000 (Debug: 2 1)
[2022.04.17-02.20.29:790][  0]LogRHI: GeForceNow SDK initialized: 1
[2022.04.17-02.20.30:101][  0]LogTargetPlatformManager: Display: Loaded TargetPlatform 'AllDesktop'
[2022.04.17-02.20.30:126][  0]LogTargetPlatformManager: Display: Loaded TargetPlatform 'Android'
[2022.04.17-02.20.30:126][  0]LogTargetPlatformManager: Display: Loaded TargetPlatform 'Android_ASTC'
[2022.04.17-02.20.30:126][  0]LogTargetPlatformManager: Display: Loaded TargetPlatform 'Android_DXT'
[2022.04.17-02.20.30:126][  0]LogTargetPlatformManager: Display: Loaded TargetPlatform 'Android_ETC2'
[2022.04.17-02.20.30:126][  0]LogTargetPlatformManager: Display: Loaded TargetPlatform 'AndroidClient'
[2022.04.17-02.20.30:126][  0]LogTargetPlatformManager: Display: Loaded TargetPlatform 'Android_ASTCClient'
[2022.04.17-02.20.30:126][  0]LogTargetPlatformManager: Display: Loaded TargetPlatform 'Android_DXTClient'
[2022.04.17-02.20.30:126][  0]LogTargetPlatformManager: Display: Loaded TargetPlatform 'Android_ETC2Client'
[2022.04.17-02.20.30:126][  0]LogTargetPlatformManager: Display: Loaded TargetPlatform 'Android_Multi'
[2022.04.17-02.20.30:126][  0]LogTargetPlatformManager: Display: Loaded TargetPlatform 'Android_MultiClient'
[2022.04.17-02.20.30:147][  0]LogTargetPlatformManager: Display: Loaded TargetPlatform 'IOSClient'
[2022.04.17-02.20.30:147][  0]LogTargetPlatformManager: Display: Loaded TargetPlatform 'IOS'
[2022.04.17-02.20.30:159][  0]LogTargetPlatformManager: Display: Loaded TargetPlatform 'Linux'
[2022.04.17-02.20.30:164][  0]LogTargetPlatformManager: Display: Loaded TargetPlatform 'LinuxNoEditor'
[2022.04.17-02.20.30:169][  0]LogTargetPlatformManager: Display: Loaded TargetPlatform 'LinuxClient'
[2022.04.17-02.20.30:174][  0]LogTargetPlatformManager: Display: Loaded TargetPlatform 'LinuxServer'
[2022.04.17-02.20.30:186][  0]LogTargetPlatformManager: Display: Loaded TargetPlatform 'LinuxAArch64NoEditor'
[2022.04.17-02.20.30:190][  0]LogTargetPlatformManager: Display: Loaded TargetPlatform 'LinuxAArch64Client'
[2022.04.17-02.20.30:195][  0]LogTargetPlatformManager: Display: Loaded TargetPlatform 'LinuxAArch64Server'
[2022.04.17-02.20.30:226][  0]LogTargetPlatformManager: Display: Loaded TargetPlatform 'Lumin'
[2022.04.17-02.20.30:226][  0]LogTargetPlatformManager: Display: Loaded TargetPlatform 'LuminClient'
[2022.04.17-02.20.30:236][  0]LogTargetPlatformManager: Display: Loaded TargetPlatform 'MacNoEditor'
[2022.04.17-02.20.30:240][  0]LogTargetPlatformManager: Display: Loaded TargetPlatform 'Mac'
[2022.04.17-02.20.30:245][  0]LogTargetPlatformManager: Display: Loaded TargetPlatform 'MacClient'
[2022.04.17-02.20.30:250][  0]LogTargetPlatformManager: Display: Loaded TargetPlatform 'MacServer'
[2022.04.17-02.20.30:262][  0]LogTargetPlatformManager: Display: Loaded TargetPlatform 'TVOSClient'
[2022.04.17-02.20.30:262][  0]LogTargetPlatformManager: Display: Loaded TargetPlatform 'TVOS'
[2022.04.17-02.20.30:273][  0]LogTargetPlatformManager: Display: Loaded TargetPlatform 'WindowsNoEditor'
[2022.04.17-02.20.30:279][  0]LogTargetPlatformManager: Display: Loaded TargetPlatform 'Windows'
[2022.04.17-02.20.30:285][  0]LogTargetPlatformManager: Display: Loaded TargetPlatform 'WindowsClient'
[2022.04.17-02.20.30:290][  0]LogTargetPlatformManager: Display: Loaded TargetPlatform 'WindowsServer'
[2022.04.17-02.20.30:290][  0]LogTargetPlatformManager: Display: Building Assets For Windows
[2022.04.17-02.20.30:298][  0]LogAudioDebug: Display: Lib vorbis DLL was dynamically loaded.
[2022.04.17-02.20.30:331][  0]LogTextureFormatOodle: Display: Oodle Texture 2.9.0 init RDO Off
[2022.04.17-02.20.30:364][  0]LogRendererCore: Ray tracing is disabled. Reason: r.RayTracing=0.
[2022.04.17-02.20.30:364][  0]LogShaderCompilers: Guid format shader working directory is -16 characters bigger than the processId version (../../../../../../Users/Justin/Documents/GitHub/Parkour/Parkour/Intermediate/Shaders/WorkingDirectory/3824/).
[2022.04.17-02.20.30:364][  0]LogShaderCompilers: Cleaned the shader compiler working directory 'C:/Users/Justin/AppData/Local/Temp/UnrealShaderWorkingDir/AE645BFE47C4663ADC060AB156C7ECCD/'.
[2022.04.17-02.20.30:365][  0]LogXGEController: Cannot use XGE Controller as Incredibuild is not installed on this machine.
[2022.04.17-02.20.30:365][  0]LogShaderCompilers: Cannot use XGE Shader Compiler as Incredibuild is not installed on this machine.
[2022.04.17-02.20.30:365][  0]LogShaderCompilers: Display: Using Local Shader Compiler.
[2022.04.17-02.20.31:226][  0]LogDerivedDataCache: Display: Max Cache Size: 512 MB
[2022.04.17-02.20.31:309][  0]LogDerivedDataCache: Loaded boot cache 0.08s 94MB C:/Users/Justin/AppData/Local/UnrealEngine/4.27/DerivedDataCache/Boot.ddc.
[2022.04.17-02.20.31:309][  0]LogDerivedDataCache: Display: Loaded Boot cache: C:/Users/Justin/AppData/Local/UnrealEngine/4.27/DerivedDataCache/Boot.ddc
[2022.04.17-02.20.31:309][  0]LogDerivedDataCache: FDerivedDataBackendGraph:  Pak pak cache file ../../../../../../Users/Justin/Documents/GitHub/Parkour/Parkour/DerivedDataCache/DDC.ddp not found, will not use a pak cache.
[2022.04.17-02.20.31:309][  0]LogDerivedDataCache: Unable to find inner node Pak for hierarchical cache Hierarchy.
[2022.04.17-02.20.31:309][  0]LogDerivedDataCache: FDerivedDataBackendGraph:  CompressedPak pak cache file ../../../../../../Users/Justin/Documents/GitHub/Parkour/Parkour/DerivedDataCache/Compressed.ddp not found, will not use a pak cache.
[2022.04.17-02.20.31:309][  0]LogDerivedDataCache: Unable to find inner node CompressedPak for hierarchical cache Hierarchy.
[2022.04.17-02.20.31:331][  0]LogDerivedDataCache: Display: Pak cache opened for reading ../../../Engine/DerivedDataCache/Compressed.ddp.
[2022.04.17-02.20.31:331][  0]LogDerivedDataCache: FDerivedDataBackendGraph:  EnterprisePak pak cache file ../../../Enterprise/DerivedDataCache/Compressed.ddp not found, will not use a pak cache.
[2022.04.17-02.20.31:331][  0]LogDerivedDataCache: Unable to find inner node EnterprisePak for hierarchical cache Hierarchy.
[2022.04.17-02.20.31:345][  0]LogDerivedDataCache: Speed tests for C:/Users/Justin/AppData/Local/UnrealEngine/Common/DerivedDataCache took 0.01 seconds
[2022.04.17-02.20.31:345][  0]LogDerivedDataCache: Display: Performance to C:/Users/Justin/AppData/Local/UnrealEngine/Common/DerivedDataCache: Latency=0.04ms. RandomReadSpeed=237.24MBs, RandomWriteSpeed=99.17MBs. Assigned SpeedClass 'Local'
[2022.04.17-02.20.31:346][  0]LogDerivedDataCache: Using Local data cache path C:/Users/Justin/AppData/Local/UnrealEngine/Common/DerivedDataCache: Writable
[2022.04.17-02.20.31:346][  0]LogDerivedDataCache: Shared data cache path not found in *engine.ini, will not use an Shared cache.
[2022.04.17-02.20.31:346][  0]LogDerivedDataCache: Unable to find inner node Shared for hierarchical cache Hierarchy.
[2022.04.17-02.20.31:401][  0]LogSlate: Using FreeType 2.10.0
[2022.04.17-02.20.31:401][  0]LogSlate: SlateFontServices - WITH_FREETYPE: 1, WITH_HARFBUZZ: 1
[2022.04.17-02.20.31:433][  0]LogAssetRegistry: FAssetRegistry took 0.0036 seconds to start up
[2022.04.17-02.20.31:703][  0]LogInit: Selected Device Profile: [Windows]
[2022.04.17-02.20.31:703][  0]LogInit: Active device profile: [000002024E624700][000002024CD65500 49] Windows
[2022.04.17-02.20.31:703][  0]LogInit: Profiles: [000002024E624700][000002024CD65500 49] Windows, [000002024E5EB700][00000202410B3680 49] WindowsNoEditor, [000002024E627300][00000202410B7800 49] WindowsServer, [000002024E5E8F00][00000202410BB980 49] WindowsClient, [000002024E627500][00000202410BFB00 49] IOS, [000002024E5CFF00][00000202410C2100 49] iPadAir, [000002024E5EBB00][00000202410C6280 49] iPadAir2, [000002024E58C500][00000202410CE540 49] IPadPro, [000002024E58C600][00000202410CA580 49] iPadAir3, [000002024E5CC100][000002024AA1C700 49] iPadAir4, [000002024E58EC00][000002024CD68840 49] iPadMini2, [000002024E5CE500][000002024AA20980 49] iPadMini3, [000002024E58F400][000002024AA24AC0 49] iPadMini4, [000002024E5CCF00][000002024AA2CC40 49] iPadMini5, [000002024E58BE00][000002024AA34F00 49] iPhone6, [000002024E58BF00][000002024AA30F40 49] iPodTouch6, [000002024E627900][000002024AA3D200 49] iPhone7, [000002024E626100][000002024AA39240 49] iPodTouch7, [000002024E588400][000002024AA413C0 49] iPhone5S, [000002024E58FD00][000002024AA45540 49] iPhone6Plus, [000002024E627400][000002024AA496C0 49] iPhone6S, [000002024E58E000][000002024AA4D840 49] iPhone6SPlus, [000002024E624900][000002024BA459C0 49] iPhone7Plus, [000002024E58CE00][000002024BA49B40 49] iPhoneSE, [000002024E624200][000002024BA4C140 49] iPhone8, [000002024E58E400][000002024BA502C0 49] iPhone8Plus, [000002024E625E00][000002024BA54440 49] iPhoneX, [000002024E58FE00][000002024BA585C0 49] iPhoneXS, [000002024E625600][000002024BA5C740 49] iPhoneXSMax, [000002024E58E500][000002024BA608C0 49] iPhoneXR, [000002024E626A00][000002024AA28A00 49] iPhone11, [000002024E58FA00][000002024BA64B40 49] iPhone11Pro, [000002024E624F00][000002024BA68C80 49] iPhone11ProMax, [000002024E58E300][000002024BA6CDC0 49] iPhoneSE2, [000002024E626700][000002024BA74F40 49] iPhone12Mini, [000002024E58C700][000002024BA790C0 49] iPhone12, [000002024E627100][000002024E3FF240 49] iPhone12Pro, [000002024E58F500][000002024E4033C0 49] iPhone12ProMax, [000002024E624800][000002024E407540 49] iPadPro105, [000002024E58DC00][000002024E40B6C0 49] iPadPro129, [000002024E624300][000002024E40F840 49] iPadPro97, [000002024E58DD00][000002024E4139C0 49] iPadPro2_129, [000002024E624C00][000002024E417B40 49] iPad5, [000002024E58F000][000002024E41A140 49] iPad6, [000002024E626C00][000002024E41E2C0 49] iPad7, [000002024E58EE00][000002024E422440 49] iPad8, [000002024E625800][000002024E4265C0 49] iPadPro11, [000002024E58DB00][000002024E42A740 49] iPadPro2_11, [000002024E625500][000002024E42E8C0 49] iPadPro3_129, [000002024E58E700][000002024E432A40 49] iPadPro4_129, [000002024E624100][000002024BA70B80 49] AppleTV, [000002024E58EB00][000002024E436CC0 49] AppleTV4K, [000002024E625B00][000002024E43AE00 49] TVOS, [000002024E58C900][000002024461AF40 49] Mac, [000002024E625700][00000202446230C0 49] MacClient, [000002024E58EF00][0000020244627240 49] MacNoEditor, [000002024E624D00][000002024462B3C0 49] MacServer, [000002024E58C300][000002024462F540 49] Linux, [000002024E626E00][00000202446336C0 49] LinuxAArch64, [000002024E58D500][0000020244637840 49] LinuxNoEditor, [000002024E626400][000002024463B9C0 49] LinuxAArch64NoEditor, [000002024E58C200][000002024463FB40 49] LinuxClient, [000002024E626D00][0000020244642140 49] LinuxAArch64Client, [000002024E58CC00][00000202446462C0 49] LinuxServer, [000002024E624400][000002024464A440 49] LinuxAArch64Server, [000002024E58D000][000002024464E5C0 49] Android, [000002024E5CF900][0000020244652740 49] Android_Low, [000002024E589B00][00000202446568C0 49] Android_Mid, [000002024E5CF000][000002024465AA40 49] Android_High, [000002024E58A300][000002024465EBC0 49] Android_Default, [000002024E5CE000][0000020244662D40 49] Android_Adreno4xx, [000002024E588100][000002024461EE80 49] Android_Adreno5xx_Low, [000002024E5CCB00][00000202442DCFC0 49] Android_Adreno5xx, [000002024E589800][00000202442E1100 49] Android_Adreno6xx, [000002024E5CD100][00000202442E9280 49] Android_Adreno6xx_Vulkan, [000002024E588800][00000202442F1400 49] Android_Mali_T6xx, [000002024E5CF600][000002024D00F580 49] Android_Mali_T7xx, [000002024E588D00][000002024D013700 49] Android_Mali_T8xx, [000002024E5CFC00][000002024D01B880 49] Android_Mali_G71, [000002024E589500][000002024D023A00 49] Android_Mali_G72, [000002024E5CFE00][0000020244357B80 49] Android_Mali_G72_Vulkan, [000002024E58BD00][0000020244364180 49] Android_Mali_G76, [000002024E5CFA00][0000020244368300 49] Android_Mali_G76_Vulkan, [000002024E58B600][000002024436C480 49] Android_Mali_G77, [000002024E5CE200][0000020244370600 49] Android_Mali_G77_Vulkan, [000002024E589200][000002024CC94780 49] Android_Mali_G78, [000002024E5CCA00][000002024CC98900 49] Android_Mali_G78_Vulkan, [000002024E58B000][000002024CC9CA80 49] Android_Mali_G710, [000002024E5CD400][000002024CCCCC00 49] Android_Mali_G710_Vulkan, [000002024E588700][000002024CCD0D80 49] Android_Vulkan_SM5, [000002024E5CD800][000002024CCD4F00 49] Android_PowerVR_G6xxx, [000002024E588E00][00000202442E5040 49] Android_PowerVR_GT7xxx, [000002024E5CC200][000002024CD15180 49] Android_PowerVR_GE8xxx, [000002024E588600][000002024CD252C0 49] Android_PowerVR_GM9xxx, [000002024E5CE600][000002024E293440 49] Android_PowerVR_GM9xxx_Vulkan, [000002024E58CF00][000002024E2975C0 49] Android_TegraK1, [000002024E5CEA00][000002024E29B740 49] Android_Unknown_Vulkan, [000002024E58CD00][000002024E29F8C0 49] Lumin, [000002024E5CD200][000002024CD29A40 49] Lumin_Desktop, [000002024E58CB00][000002024CD2DBC0 49] HoloLens, 
[2022.04.17-02.20.31:839][  0]LogMeshReduction: Using QuadricMeshReduction for automatic static mesh reduction
[2022.04.17-02.20.31:839][  0]LogMeshReduction: Using SimplygonMeshReduction for automatic skeletal mesh reduction
[2022.04.17-02.20.31:839][  0]LogMeshReduction: Using ProxyLODMeshReduction for automatic mesh merging
[2022.04.17-02.20.31:839][  0]LogMeshReduction: No distributed automatic mesh merging module available
[2022.04.17-02.20.31:839][  0]LogMeshMerging: No distributed automatic mesh merging module available
[2022.04.17-02.20.31:862][  0]LogNetVersion: Parkour 1.0.0, NetCL: 17155196, EngineNetVer: 17, GameNetVer: 0 (Checksum: 1050565237)
[2022.04.17-02.20.32:282][  0]LogTexture: Default maximum texture size for cubemaps generated from long-lat sources has been changed from 512 to unlimited. In order to preserve old behaiour for '/Engine/MapTemplates/Sky/DaylightAmbientCubemap.DaylightAmbientCubemap', its maximum texture size has been explicitly set to 512.
[2022.04.17-02.20.32:343][  0]LogHMD: PokeAHoleMaterial loaded successfully
[2022.04.17-02.20.32:351][  0]LogUObjectArray: 17178 objects as part of root set at end of initial load.
[2022.04.17-02.20.32:351][  0]LogUObjectAllocator: 4302048 out of 0 bytes used by permanent object pool.
[2022.04.17-02.20.32:351][  0]LogUObjectArray: CloseDisregardForGC: 0/0 objects in disregard for GC pool
[2022.04.17-02.20.32:644][  0]LogNiagaraDebuggerClient: Niagara Debugger Client Initialized | Session: 44E579644875BF961A00EFA5EECFCA5C | Instance: 8DB9CAC24B645D7C7BC8A28124895C8A (DESKTOP-VL0O7R0-3824).
[2022.04.17-02.20.32:774][  0]LogTcpMessaging: Initializing TcpMessaging bridge
[2022.04.17-02.20.32:779][  0]LogUdpMessaging: Initializing bridge on interface 0.0.0.0:0 to multicast group 230.0.0.1:6666.
[2022.04.17-02.20.32:797][  0]LogPython: Using Python 3.7.7
[2022.04.17-02.20.33:581][  0]SourceControl: Source control is disabled
[2022.04.17-02.20.33:581][  0]SourceControl: Source control is disabled
[2022.04.17-02.20.33:585][  0]SourceControl: Source control is disabled
[2022.04.17-02.20.33:588][  0]SourceControl: Source control is disabled
[2022.04.17-02.20.33:596][  0]SourceControl: Source control is disabled
[2022.04.17-02.20.33:627][  0]LogUProjectInfo: Found projects:
[2022.04.17-02.20.33:803][  0]LogOpenImageDenoise: OIDN starting up
[2022.04.17-02.20.33:822][  0]LogAndroidPermission: UAndroidPermissionCallbackProxy::GetInstance
[2022.04.17-02.20.33:842][  0]LogAudioCaptureCore: Display: No Audio Capture implementations found. Audio input will be silent.
[2022.04.17-02.20.33:842][  0]LogAudioCaptureCore: Display: No Audio Capture implementations found. Audio input will be silent.
[2022.04.17-02.20.33:978][  0]LogCollectionManager: Loaded 0 collections in 0.002107 seconds
[2022.04.17-02.20.34:006][  0]LogFileCache: Scanning file cache for directory 'C:/Users/Justin/Documents/GitHub/Parkour/Parkour/Saved/Collections/' took 0.00s
[2022.04.17-02.20.34:006][  0]LogFileCache: Scanning file cache for directory 'C:/Users/Justin/Documents/GitHub/Parkour/Parkour/Content/Developers/Justin/Collections/' took 0.00s
[2022.04.17-02.20.34:006][  0]LogFileCache: Scanning file cache for directory 'C:/Users/Justin/Documents/GitHub/Parkour/Parkour/Content/Collections/' took 0.00s
[2022.04.17-02.20.34:006][  0]LogOcInput: OculusInput pre-init called
[2022.04.17-02.20.34:258][  0]LogEngine: Initializing Engine...
[2022.04.17-02.20.34:260][  0]LogHMD: Failed to enumerate extensions. Please check that you have a valid OpenXR runtime installed.
[2022.04.17-02.20.34:260][  0]LogHMD: Failed to initialize OpenVR with code 110
[2022.04.17-02.20.34:260][  0]LogMagicLeap: Warning: VR disabled because ZI is not enabled.  To enable, in the editor, Edit -> Project Settings -> Plugins -> Magic Leap Plugin -> Enable Zero Iteration
[2022.04.17-02.20.34:261][  0]LogStats: UGameplayTagsManager::InitializeManager -  0.000 s
[2022.04.17-02.20.34:391][  0]LogInit: Initializing FReadOnlyCVARCache
[2022.04.17-02.20.34:400][  0]LogAIModule: Creating AISystem for world Untitled
[2022.04.17-02.20.34:404][  0]LogAudio: Display: Initializing Audio Device Manager...
[2022.04.17-02.20.34:408][  0]LogAudio: Display: Loading Default Audio Settings Objects...
[2022.04.17-02.20.34:409][  0]LogAudio: Display: No default SoundConcurrencyObject specified (or failed to load).
[2022.04.17-02.20.34:409][  0]LogAudio: Display: Audio Device Manager Initialized
[2022.04.17-02.20.34:409][  0]LogAudio: Display: Creating Audio Device:                 Id: 1, Scope: Shared, Realtime: True
[2022.04.17-02.20.34:409][  0]LogAudioMixer: Display: Audio Mixer Platform Settings:
[2022.04.17-02.20.34:409][  0]LogAudioMixer: Display: 	Sample Rate:						  48000
[2022.04.17-02.20.34:409][  0]LogAudioMixer: Display: 	Callback Buffer Frame Size Requested: 1024
[2022.04.17-02.20.34:409][  0]LogAudioMixer: Display: 	Callback Buffer Frame Size To Use:	  1024
[2022.04.17-02.20.34:409][  0]LogAudioMixer: Display: 	Number of buffers to queue:			  2
[2022.04.17-02.20.34:409][  0]LogAudioMixer: Display: 	Max Channels (voices):				  32
[2022.04.17-02.20.34:409][  0]LogAudioMixer: Display: 	Number of Async Source Workers:		  0
[2022.04.17-02.20.34:409][  0]LogAudio: Display: AudioDevice MaxSources: 32
[2022.04.17-02.20.34:409][  0]LogAudio: Display: Audio Spatialization Plugin: None (built-in).
[2022.04.17-02.20.34:409][  0]LogAudio: Display: Audio Reverb Plugin: None (built-in).
[2022.04.17-02.20.34:409][  0]LogAudio: Display: Audio Occlusion Plugin: None (built-in).
[2022.04.17-02.20.34:409][  0]LogAudioMixer: Display: Initializing audio mixer.
[2022.04.17-02.20.34:424][  0]LogAudioMixer: Display: 0: FrontLeft
[2022.04.17-02.20.34:424][  0]LogAudioMixer: Display: 1: FrontRight
[2022.04.17-02.20.34:444][  0]LogAudioMixer: Display: Using Audio Device Speakers (High Definition Audio Device)
[2022.04.17-02.20.34:444][  0]LogAudioMixer: Display: Initializing Sound Submixes...
[2022.04.17-02.20.34:447][  0]LogAudioMixer: Display: Creating Master Submix 'MasterSubmixDefault'
[2022.04.17-02.20.34:447][  0]LogAudioMixer: Display: Creating Master Submix 'MasterReverbSubmixDefault'
[2022.04.17-02.20.34:449][  0]LogAudioMixer: Display: Creating Master Submix 'MasterEQSubmixDefault'
[2022.04.17-02.20.34:449][  0]LogAudioMixer: FMixerPlatformXAudio2::StartAudioStream() called
[2022.04.17-02.20.34:449][  0]LogAudioMixer: Display: Output buffers initialized: Frames=1024, Channels=2, Samples=2048
[2022.04.17-02.20.34:450][  0]LogAudioMixer: Display: Starting AudioMixerPlatformInterface::RunInternal()
[2022.04.17-02.20.34:450][  0]LogAudioMixer: Display: FMixerPlatformXAudio2::SubmitBuffer() called for the first time
[2022.04.17-02.20.34:450][  0]LogInit: FAudioDevice initialized.
[2022.04.17-02.20.34:450][  0]LogAudio: Display: Audio Device (ID: 1) registered with world 'Untitled'.
[2022.04.17-02.20.34:450][  0]LogNetVersion: Set ProjectVersion to 1.0.0.0. Version Checksum will be recalculated on next use.
[2022.04.17-02.20.34:522][  0]LogDerivedDataCache: Saved boot cache 0.07s 94MB C:/Users/Justin/AppData/Local/UnrealEngine/4.27/DerivedDataCache/Boot.ddc.
[2022.04.17-02.20.34:523][  0]LogInit: Texture streaming: Enabled
[2022.04.17-02.20.34:536][  0]LogAnalytics: Display: [UEEditor.Rocket.Release] APIServer = https://datarouter.ol.epicgames.com/. AppVersion = 4.27.2-18319896+++UE4+Release-4.27
[2022.04.17-02.20.34:540][  0]LogEngineSessionManager: EngineSessionManager initialized
[2022.04.17-02.20.34:540][  0]LogEditorSessionSummary: Verbose: Initializing EditorSessionSummaryWriter for editor session tracking
[2022.04.17-02.20.34:542][  0]LogEditorSessionSummary: EditorSessionSummaryWriter initialized
[2022.04.17-02.20.34:574][  0]LogInit: Transaction tracking system initialized
[2022.04.17-02.20.34:597][  0]BlueprintLog: New page: Editor Load
[2022.04.17-02.20.34:665][  0]LocalizationService: Localization service is disabled
[2022.04.17-02.20.34:692][  0]TimingProfiler: Initialize
[2022.04.17-02.20.34:692][  0]TimingProfiler: OnSessionChanged
[2022.04.17-02.20.34:692][  0]LoadingProfiler: Initialize
[2022.04.17-02.20.34:692][  0]LoadingProfiler: OnSessionChanged
[2022.04.17-02.20.34:692][  0]NetworkingProfiler: Initialize
[2022.04.17-02.20.34:692][  0]NetworkingProfiler: OnSessionChanged
[2022.04.17-02.20.34:692][  0]MemoryProfiler: Initialize
[2022.04.17-02.20.34:692][  0]MemoryProfiler: OnSessionChanged
[2022.04.17-02.20.34:861][  0]LogCook: Display: CookSettings for Memory: MemoryMaxUsedVirtual 0MiB, MemoryMaxUsedPhysical 16384MiB, MemoryMinFreeVirtual 0MiB, MemoryMinFreePhysical 1024MiB
[2022.04.17-02.20.34:861][  0]LogCook: Display: Mobile HDR setting 1
[2022.04.17-02.20.35:061][  0]LogFileCache: Scanning file cache for directory 'C:/Users/Justin/Documents/GitHub/Parkour/Parkour/Content/' took 0.01s
[2022.04.17-02.20.35:244][  0]LogInit: Display: Engine is initialized. Leaving FEngineLoop::Init()
[2022.04.17-02.20.35:248][  0]SourceControl: Source control is disabled
[2022.04.17-02.20.35:248][  0]LogUnrealEdMisc: Loading editor; pre map load, took 7.490
[2022.04.17-02.20.35:248][  0]Cmd: MAP LOAD FILE="../../../../../../Users/Justin/Documents/GitHub/Parkour/Parkour/Content/FirstPersonBP/Maps/FirstPersonExampleMap.umap" TEMPLATE=0 SHOWPROGRESS=1 FEATURELEVEL=3
[2022.04.17-02.20.35:249][  0]LightingResults: New page: Lighting Build
[2022.04.17-02.20.35:250][  0]LogWorld: UWorld::CleanupWorld for Untitled, bSessionEnded=true, bCleanupResources=true
[2022.04.17-02.20.35:250][  0]LogSlate: InvalidateAllWidgets triggered.  All widgets were invalidated
[2022.04.17-02.20.35:251][  0]MapCheck: New page: Map Check
[2022.04.17-02.20.35:251][  0]LightingResults: New page: Lighting Build
[2022.04.17-02.20.35:257][  0]LogAudio: Display: Audio Device unregistered from world 'None'.
[2022.04.17-02.20.35:260][  0]LogUObjectHash: Compacting FUObjectHashTables data took   0.89ms
[2022.04.17-02.20.35:531][  0]LogAudio: Display: Audio Device (ID: 1) registered with world 'FirstPersonExampleMap'.
[2022.04.17-02.20.35:532][  0]LogAIModule: Creating AISystem for world FirstPersonExampleMap
[2022.04.17-02.20.35:540][  0]LogEditorServer: Finished looking for orphan Actors (0.000 secs)
[2022.04.17-02.20.35:553][  0]LogUObjectHash: Compacting FUObjectHashTables data took   0.97ms
[2022.04.17-02.20.35:553][  0]Cmd: MAP CHECKDEP NOCLEARLOG
[2022.04.17-02.20.35:553][  0]MapCheck: Map check complete: 0 Error(s), 0 Warning(s), took 0.204ms to complete.
[2022.04.17-02.20.35:553][  0]LogFileHelpers: Loading map 'FirstPersonExampleMap' took 0.305
[2022.04.17-02.20.35:555][  0]LogUnrealEdMisc: Total Editor Startup Time, took 7.797
[2022.04.17-02.20.35:668][  0]LogSlate: Updating window title bar state: overlay mode, drag disabled, window buttons hidden, title bar hidden
[2022.04.17-02.20.35:675][  0]LogSlate: Updating window title bar state: overlay mode, drag disabled, window buttons hidden, title bar hidden
[2022.04.17-02.20.35:682][  0]LogSlate: Updating window title bar state: overlay mode, drag disabled, window buttons hidden, title bar hidden
[2022.04.17-02.20.35:689][  0]LogSlate: Updating window title bar state: overlay mode, drag disabled, window buttons hidden, title bar hidden
[2022.04.17-02.20.35:705][  0]LogNativeClassHierarchy: Verbose: Native class hierarchy populated in 0.0113 seconds. Added 3822 classes and 928 folders.
[2022.04.17-02.20.35:707][  0]LogNativeClassHierarchy: Verbose: Native class hierarchy updated for 'WidgetCarousel' in 0.0003 seconds. Added 0 classes and 0 folders.
[2022.04.17-02.20.35:709][  0]LogPakFile: PakFile PrimaryIndexSize=187
[2022.04.17-02.20.35:709][  0]LogPakFile: PakFile PathHashIndexSize=101
[2022.04.17-02.20.35:709][  0]LogPakFile: PakFile FullDirectoryIndexSize=148
[2022.04.17-02.20.35:709][  0]LogShaderLibrary: Display: ShaderCodeLibraryPakFileMountedCallback: PakFile 'C:/Program Files/Epic Games/UE_4.27/FeaturePacks/FP_FirstPerson.upack' (chunk index -1, root 'root:/') mounted
[2022.04.17-02.20.35:709][  0]LogShaderLibrary: Display: ShaderCodeLibraryPakFileMountedCallback: pending pak file info (ChunkID:-1 Root:root:/ File:C:/Program Files/Epic Games/UE_4.27/FeaturePacks/FP_FirstPerson.upack)
[2022.04.17-02.20.35:709][  0]LogPakFile: OnPakFileMounted2Time == 0.000058
[2022.04.17-02.20.35:710][  0]LogPakFile: PakFile PrimaryIndexSize=189
[2022.04.17-02.20.35:710][  0]LogPakFile: PakFile PathHashIndexSize=101
[2022.04.17-02.20.35:710][  0]LogPakFile: PakFile FullDirectoryIndexSize=152
[2022.04.17-02.20.35:710][  0]LogShaderLibrary: Display: ShaderCodeLibraryPakFileMountedCallback: PakFile 'C:/Program Files/Epic Games/UE_4.27/FeaturePacks/FP_FirstPersonBP.upack' (chunk index -1, root 'root:/') mounted
[2022.04.17-02.20.35:710][  0]LogShaderLibrary: Display: ShaderCodeLibraryPakFileMountedCallback: pending pak file info (ChunkID:-1 Root:root:/ File:C:/Program Files/Epic Games/UE_4.27/FeaturePacks/FP_FirstPersonBP.upack)
[2022.04.17-02.20.35:710][  0]LogPakFile: OnPakFileMounted2Time == 0.000039
[2022.04.17-02.20.35:710][  0]LogPakFile: PakFile PrimaryIndexSize=191
[2022.04.17-02.20.35:710][  0]LogPakFile: PakFile PathHashIndexSize=101
[2022.04.17-02.20.35:710][  0]LogPakFile: PakFile FullDirectoryIndexSize=160
[2022.04.17-02.20.35:710][  0]LogShaderLibrary: Display: ShaderCodeLibraryPakFileMountedCallback: PakFile 'C:/Program Files/Epic Games/UE_4.27/FeaturePacks/MobileStarterContent.upack' (chunk index -1, root 'root:/') mounted
[2022.04.17-02.20.35:710][  0]LogShaderLibrary: Display: ShaderCodeLibraryPakFileMountedCallback: pending pak file info (ChunkID:-1 Root:root:/ File:C:/Program Files/Epic Games/UE_4.27/FeaturePacks/MobileStarterContent.upack)
[2022.04.17-02.20.35:710][  0]LogPakFile: OnPakFileMounted2Time == 0.000035
[2022.04.17-02.20.35:711][  0]LogPakFile: PakFile PrimaryIndexSize=185
[2022.04.17-02.20.35:711][  0]LogPakFile: PakFile PathHashIndexSize=101
[2022.04.17-02.20.35:711][  0]LogPakFile: PakFile FullDirectoryIndexSize=148
[2022.04.17-02.20.35:711][  0]LogShaderLibrary: Display: ShaderCodeLibraryPakFileMountedCallback: PakFile 'C:/Program Files/Epic Games/UE_4.27/FeaturePacks/StarterContent.upack' (chunk index -1, root 'root:/') mounted
[2022.04.17-02.20.35:711][  0]LogShaderLibrary: Display: ShaderCodeLibraryPakFileMountedCallback: pending pak file info (ChunkID:-1 Root:root:/ File:C:/Program Files/Epic Games/UE_4.27/FeaturePacks/StarterContent.upack)
[2022.04.17-02.20.35:711][  0]LogPakFile: OnPakFileMounted2Time == 0.000036
[2022.04.17-02.20.35:712][  0]LogPakFile: PakFile PrimaryIndexSize=190
[2022.04.17-02.20.35:712][  0]LogPakFile: PakFile PathHashIndexSize=101
[2022.04.17-02.20.35:712][  0]LogPakFile: PakFile FullDirectoryIndexSize=154
[2022.04.17-02.20.35:712][  0]LogShaderLibrary: Display: ShaderCodeLibraryPakFileMountedCallback: PakFile 'C:/Program Files/Epic Games/UE_4.27/FeaturePacks/TP_2DSideScroller.upack' (chunk index -1, root 'root:/') mounted
[2022.04.17-02.20.35:712][  0]LogShaderLibrary: Display: ShaderCodeLibraryPakFileMountedCallback: pending pak file info (ChunkID:-1 Root:root:/ File:C:/Program Files/Epic Games/UE_4.27/FeaturePacks/TP_2DSideScroller.upack)
[2022.04.17-02.20.35:712][  0]LogPakFile: OnPakFileMounted2Time == 0.000034
[2022.04.17-02.20.35:712][  0]LogPakFile: PakFile PrimaryIndexSize=192
[2022.04.17-02.20.35:712][  0]LogPakFile: PakFile PathHashIndexSize=101
[2022.04.17-02.20.35:712][  0]LogPakFile: PakFile FullDirectoryIndexSize=158
[2022.04.17-02.20.35:712][  0]LogShaderLibrary: Display: ShaderCodeLibraryPakFileMountedCallback: PakFile 'C:/Program Files/Epic Games/UE_4.27/FeaturePacks/TP_2DSideScrollerBP.upack' (chunk index -1, root 'root:/') mounted
[2022.04.17-02.20.35:712][  0]LogShaderLibrary: Display: ShaderCodeLibraryPakFileMountedCallback: pending pak file info (ChunkID:-1 Root:root:/ File:C:/Program Files/Epic Games/UE_4.27/FeaturePacks/TP_2DSideScrollerBP.upack)
[2022.04.17-02.20.35:712][  0]LogPakFile: OnPakFileMounted2Time == 0.000034
[2022.04.17-02.20.35:713][  0]LogPakFile: PakFile PrimaryIndexSize=182
[2022.04.17-02.20.35:713][  0]LogPakFile: PakFile PathHashIndexSize=101
[2022.04.17-02.20.35:713][  0]LogPakFile: PakFile FullDirectoryIndexSize=138
[2022.04.17-02.20.35:713][  0]LogShaderLibrary: Display: ShaderCodeLibraryPakFileMountedCallback: PakFile 'C:/Program Files/Epic Games/UE_4.27/FeaturePacks/TP_Flying.upack' (chunk index -1, root 'root:/') mounted
[2022.04.17-02.20.35:713][  0]LogShaderLibrary: Display: ShaderCodeLibraryPakFileMountedCallback: pending pak file info (ChunkID:-1 Root:root:/ File:C:/Program Files/Epic Games/UE_4.27/FeaturePacks/TP_Flying.upack)
[2022.04.17-02.20.35:713][  0]LogPakFile: OnPakFileMounted2Time == 0.000040
[2022.04.17-02.20.35:714][  0]LogPakFile: PakFile PrimaryIndexSize=184
[2022.04.17-02.20.35:714][  0]LogPakFile: PakFile PathHashIndexSize=101
[2022.04.17-02.20.35:714][  0]LogPakFile: PakFile FullDirectoryIndexSize=142
[2022.04.17-02.20.35:714][  0]LogShaderLibrary: Display: ShaderCodeLibraryPakFileMountedCallback: PakFile 'C:/Program Files/Epic Games/UE_4.27/FeaturePacks/TP_FlyingBP.upack' (chunk index -1, root 'root:/') mounted
[2022.04.17-02.20.35:714][  0]LogShaderLibrary: Display: ShaderCodeLibraryPakFileMountedCallback: pending pak file info (ChunkID:-1 Root:root:/ File:C:/Program Files/Epic Games/UE_4.27/FeaturePacks/TP_FlyingBP.upack)
[2022.04.17-02.20.35:714][  0]LogPakFile: OnPakFileMounted2Time == 0.000048
[2022.04.17-02.20.35:715][  0]LogPakFile: PakFile PrimaryIndexSize=188
[2022.04.17-02.20.35:715][  0]LogPakFile: PakFile PathHashIndexSize=101
[2022.04.17-02.20.35:715][  0]LogPakFile: PakFile FullDirectoryIndexSize=150
[2022.04.17-02.20.35:715][  0]LogShaderLibrary: Display: ShaderCodeLibraryPakFileMountedCallback: PakFile 'C:/Program Files/Epic Games/UE_4.27/FeaturePacks/TP_HandheldARBP.upack' (chunk index -1, root 'root:/') mounted
[2022.04.17-02.20.35:715][  0]LogShaderLibrary: Display: ShaderCodeLibraryPakFileMountedCallback: pending pak file info (ChunkID:-1 Root:root:/ File:C:/Program Files/Epic Games/UE_4.27/FeaturePacks/TP_HandheldARBP.upack)
[2022.04.17-02.20.35:715][  0]LogPakFile: OnPakFileMounted2Time == 0.000039
[2022.04.17-02.20.35:716][  0]LogPakFile: PakFile PrimaryIndexSize=182
[2022.04.17-02.20.35:716][  0]LogPakFile: PakFile PathHashIndexSize=101
[2022.04.17-02.20.35:716][  0]LogPakFile: PakFile FullDirectoryIndexSize=138
[2022.04.17-02.20.35:716][  0]LogShaderLibrary: Display: ShaderCodeLibraryPakFileMountedCallback: PakFile 'C:/Program Files/Epic Games/UE_4.27/FeaturePacks/TP_Puzzle.upack' (chunk index -1, root 'root:/') mounted
[2022.04.17-02.20.35:716][  0]LogShaderLibrary: Display: ShaderCodeLibraryPakFileMountedCallback: pending pak file info (ChunkID:-1 Root:root:/ File:C:/Program Files/Epic Games/UE_4.27/FeaturePacks/TP_Puzzle.upack)
[2022.04.17-02.20.35:716][  0]LogPakFile: OnPakFileMounted2Time == 0.000041
[2022.04.17-02.20.35:717][  0]LogPakFile: PakFile PrimaryIndexSize=184
[2022.04.17-02.20.35:717][  0]LogPakFile: PakFile PathHashIndexSize=101
[2022.04.17-02.20.35:717][  0]LogPakFile: PakFile FullDirectoryIndexSize=142
[2022.04.17-02.20.35:717][  0]LogShaderLibrary: Display: ShaderCodeLibraryPakFileMountedCallback: PakFile 'C:/Program Files/Epic Games/UE_4.27/FeaturePacks/TP_PuzzleBP.upack' (chunk index -1, root 'root:/') mounted
[2022.04.17-02.20.35:717][  0]LogShaderLibrary: Display: ShaderCodeLibraryPakFileMountedCallback: pending pak file info (ChunkID:-1 Root:root:/ File:C:/Program Files/Epic Games/UE_4.27/FeaturePacks/TP_PuzzleBP.upack)
[2022.04.17-02.20.35:717][  0]LogPakFile: OnPakFileMounted2Time == 0.000052
[2022.04.17-02.20.35:717][  0]LogPakFile: PakFile PrimaryIndexSize=183
[2022.04.17-02.20.35:717][  0]LogPakFile: PakFile PathHashIndexSize=101
[2022.04.17-02.20.35:717][  0]LogPakFile: PakFile FullDirectoryIndexSize=140
[2022.04.17-02.20.35:717][  0]LogShaderLibrary: Display: ShaderCodeLibraryPakFileMountedCallback: PakFile 'C:/Program Files/Epic Games/UE_4.27/FeaturePacks/TP_Rolling.upack' (chunk index -1, root 'root:/') mounted
[2022.04.17-02.20.35:718][  0]LogShaderLibrary: Display: ShaderCodeLibraryPakFileMountedCallback: pending pak file info (ChunkID:-1 Root:root:/ File:C:/Program Files/Epic Games/UE_4.27/FeaturePacks/TP_Rolling.upack)
[2022.04.17-02.20.35:718][  0]LogPakFile: OnPakFileMounted2Time == 0.000039
[2022.04.17-02.20.35:718][  0]LogPakFile: PakFile PrimaryIndexSize=185
[2022.04.17-02.20.35:718][  0]LogPakFile: PakFile PathHashIndexSize=101
[2022.04.17-02.20.35:718][  0]LogPakFile: PakFile FullDirectoryIndexSize=144
[2022.04.17-02.20.35:718][  0]LogShaderLibrary: Display: ShaderCodeLibraryPakFileMountedCallback: PakFile 'C:/Program Files/Epic Games/UE_4.27/FeaturePacks/TP_RollingBP.upack' (chunk index -1, root 'root:/') mounted
[2022.04.17-02.20.35:718][  0]LogShaderLibrary: Display: ShaderCodeLibraryPakFileMountedCallback: pending pak file info (ChunkID:-1 Root:root:/ File:C:/Program Files/Epic Games/UE_4.27/FeaturePacks/TP_RollingBP.upack)
[2022.04.17-02.20.35:718][  0]LogPakFile: OnPakFileMounted2Time == 0.000035
[2022.04.17-02.20.35:719][  0]LogPakFile: PakFile PrimaryIndexSize=188
[2022.04.17-02.20.35:719][  0]LogPakFile: PakFile PathHashIndexSize=101
[2022.04.17-02.20.35:719][  0]LogPakFile: PakFile FullDirectoryIndexSize=150
[2022.04.17-02.20.35:719][  0]LogShaderLibrary: Display: ShaderCodeLibraryPakFileMountedCallback: PakFile 'C:/Program Files/Epic Games/UE_4.27/FeaturePacks/TP_SideScroller.upack' (chunk index -1, root 'root:/') mounted
[2022.04.17-02.20.35:719][  0]LogShaderLibrary: Display: ShaderCodeLibraryPakFileMountedCallback: pending pak file info (ChunkID:-1 Root:root:/ File:C:/Program Files/Epic Games/UE_4.27/FeaturePacks/TP_SideScroller.upack)
[2022.04.17-02.20.35:719][  0]LogPakFile: OnPakFileMounted2Time == 0.000041
[2022.04.17-02.20.35:719][  0]LogPakFile: PakFile PrimaryIndexSize=190
[2022.04.17-02.20.35:719][  0]LogPakFile: PakFile PathHashIndexSize=101
[2022.04.17-02.20.35:720][  0]LogPakFile: PakFile FullDirectoryIndexSize=154
[2022.04.17-02.20.35:720][  0]LogShaderLibrary: Display: ShaderCodeLibraryPakFileMountedCallback: PakFile 'C:/Program Files/Epic Games/UE_4.27/FeaturePacks/TP_SideScrollerBP.upack' (chunk index -1, root 'root:/') mounted
[2022.04.17-02.20.35:720][  0]LogShaderLibrary: Display: ShaderCodeLibraryPakFileMountedCallback: pending pak file info (ChunkID:-1 Root:root:/ File:C:/Program Files/Epic Games/UE_4.27/FeaturePacks/TP_SideScrollerBP.upack)
[2022.04.17-02.20.35:720][  0]LogPakFile: OnPakFileMounted2Time == 0.000036
[2022.04.17-02.20.35:720][  0]LogPakFile: PakFile PrimaryIndexSize=187
[2022.04.17-02.20.35:720][  0]LogPakFile: PakFile PathHashIndexSize=101
[2022.04.17-02.20.35:720][  0]LogPakFile: PakFile FullDirectoryIndexSize=148
[2022.04.17-02.20.35:720][  0]LogShaderLibrary: Display: ShaderCodeLibraryPakFileMountedCallback: PakFile 'C:/Program Files/Epic Games/UE_4.27/FeaturePacks/TP_ThirdPerson.upack' (chunk index -1, root 'root:/') mounted
[2022.04.17-02.20.35:720][  0]LogShaderLibrary: Display: ShaderCodeLibraryPakFileMountedCallback: pending pak file info (ChunkID:-1 Root:root:/ File:C:/Program Files/Epic Games/UE_4.27/FeaturePacks/TP_ThirdPerson.upack)
[2022.04.17-02.20.35:720][  0]LogPakFile: OnPakFileMounted2Time == 0.000035
[2022.04.17-02.20.35:721][  0]LogPakFile: PakFile PrimaryIndexSize=189
[2022.04.17-02.20.35:721][  0]LogPakFile: PakFile PathHashIndexSize=101
[2022.04.17-02.20.35:721][  0]LogPakFile: PakFile FullDirectoryIndexSize=152
[2022.04.17-02.20.35:721][  0]LogShaderLibrary: Display: ShaderCodeLibraryPakFileMountedCallback: PakFile 'C:/Program Files/Epic Games/UE_4.27/FeaturePacks/TP_ThirdPersonBP.upack' (chunk index -1, root 'root:/') mounted
[2022.04.17-02.20.35:721][  0]LogShaderLibrary: Display: ShaderCodeLibraryPakFileMountedCallback: pending pak file info (ChunkID:-1 Root:root:/ File:C:/Program Files/Epic Games/UE_4.27/FeaturePacks/TP_ThirdPersonBP.upack)
[2022.04.17-02.20.35:721][  0]LogPakFile: OnPakFileMounted2Time == 0.000034
[2022.04.17-02.20.35:722][  0]LogPakFile: PakFile PrimaryIndexSize=183
[2022.04.17-02.20.35:722][  0]LogPakFile: PakFile PathHashIndexSize=101
[2022.04.17-02.20.35:722][  0]LogPakFile: PakFile FullDirectoryIndexSize=140
[2022.04.17-02.20.35:722][  0]LogShaderLibrary: Display: ShaderCodeLibraryPakFileMountedCallback: PakFile 'C:/Program Files/Epic Games/UE_4.27/FeaturePacks/TP_TopDown.upack' (chunk index -1, root 'root:/') mounted
[2022.04.17-02.20.35:722][  0]LogShaderLibrary: Display: ShaderCodeLibraryPakFileMountedCallback: pending pak file info (ChunkID:-1 Root:root:/ File:C:/Program Files/Epic Games/UE_4.27/FeaturePacks/TP_TopDown.upack)
[2022.04.17-02.20.35:722][  0]LogPakFile: OnPakFileMounted2Time == 0.000043
[2022.04.17-02.20.35:722][  0]LogPakFile: PakFile PrimaryIndexSize=185
[2022.04.17-02.20.35:722][  0]LogPakFile: PakFile PathHashIndexSize=101
[2022.04.17-02.20.35:722][  0]LogPakFile: PakFile FullDirectoryIndexSize=144
[2022.04.17-02.20.35:722][  0]LogShaderLibrary: Display: ShaderCodeLibraryPakFileMountedCallback: PakFile 'C:/Program Files/Epic Games/UE_4.27/FeaturePacks/TP_TopDownBP.upack' (chunk index -1, root 'root:/') mounted
[2022.04.17-02.20.35:722][  0]LogShaderLibrary: Display: ShaderCodeLibraryPakFileMountedCallback: pending pak file info (ChunkID:-1 Root:root:/ File:C:/Program Files/Epic Games/UE_4.27/FeaturePacks/TP_TopDownBP.upack)
[2022.04.17-02.20.35:722][  0]LogPakFile: OnPakFileMounted2Time == 0.000035
[2022.04.17-02.20.35:723][  0]LogPakFile: PakFile PrimaryIndexSize=185
[2022.04.17-02.20.35:723][  0]LogPakFile: PakFile PathHashIndexSize=101
[2022.04.17-02.20.35:723][  0]LogPakFile: PakFile FullDirectoryIndexSize=144
[2022.04.17-02.20.35:723][  0]LogShaderLibrary: Display: ShaderCodeLibraryPakFileMountedCallback: PakFile 'C:/Program Files/Epic Games/UE_4.27/FeaturePacks/TP_TwinStick.upack' (chunk index -1, root 'root:/') mounted
[2022.04.17-02.20.35:723][  0]LogShaderLibrary: Display: ShaderCodeLibraryPakFileMountedCallback: pending pak file info (ChunkID:-1 Root:root:/ File:C:/Program Files/Epic Games/UE_4.27/FeaturePacks/TP_TwinStick.upack)
[2022.04.17-02.20.35:723][  0]LogPakFile: OnPakFileMounted2Time == 0.000034
[2022.04.17-02.20.35:723][  0]LogPakFile: PakFile PrimaryIndexSize=187
[2022.04.17-02.20.35:724][  0]LogPakFile: PakFile PathHashIndexSize=101
[2022.04.17-02.20.35:724][  0]LogPakFile: PakFile FullDirectoryIndexSize=148
[2022.04.17-02.20.35:724][  0]LogShaderLibrary: Display: ShaderCodeLibraryPakFileMountedCallback: PakFile 'C:/Program Files/Epic Games/UE_4.27/FeaturePacks/TP_TwinStickBP.upack' (chunk index -1, root 'root:/') mounted
[2022.04.17-02.20.35:724][  0]LogShaderLibrary: Display: ShaderCodeLibraryPakFileMountedCallback: pending pak file info (ChunkID:-1 Root:root:/ File:C:/Program Files/Epic Games/UE_4.27/FeaturePacks/TP_TwinStickBP.upack)
[2022.04.17-02.20.35:724][  0]LogPakFile: OnPakFileMounted2Time == 0.000034
[2022.04.17-02.20.35:724][  0]LogPakFile: PakFile PrimaryIndexSize=183
[2022.04.17-02.20.35:724][  0]LogPakFile: PakFile PathHashIndexSize=101
[2022.04.17-02.20.35:724][  0]LogPakFile: PakFile FullDirectoryIndexSize=140
[2022.04.17-02.20.35:724][  0]LogShaderLibrary: Display: ShaderCodeLibraryPakFileMountedCallback: PakFile 'C:/Program Files/Epic Games/UE_4.27/FeaturePacks/TP_Vehicle.upack' (chunk index -1, root 'root:/') mounted
[2022.04.17-02.20.35:724][  0]LogShaderLibrary: Display: ShaderCodeLibraryPakFileMountedCallback: pending pak file info (ChunkID:-1 Root:root:/ File:C:/Program Files/Epic Games/UE_4.27/FeaturePacks/TP_Vehicle.upack)
[2022.04.17-02.20.35:724][  0]LogPakFile: OnPakFileMounted2Time == 0.000034
[2022.04.17-02.20.35:725][  0]LogPakFile: PakFile PrimaryIndexSize=186
[2022.04.17-02.20.35:725][  0]LogPakFile: PakFile PathHashIndexSize=101
[2022.04.17-02.20.35:725][  0]LogPakFile: PakFile FullDirectoryIndexSize=146
[2022.04.17-02.20.35:725][  0]LogShaderLibrary: Display: ShaderCodeLibraryPakFileMountedCallback: PakFile 'C:/Program Files/Epic Games/UE_4.27/FeaturePacks/TP_VehicleAdv.upack' (chunk index -1, root 'root:/') mounted
[2022.04.17-02.20.35:725][  0]LogShaderLibrary: Display: ShaderCodeLibraryPakFileMountedCallback: pending pak file info (ChunkID:-1 Root:root:/ File:C:/Program Files/Epic Games/UE_4.27/FeaturePacks/TP_VehicleAdv.upack)
[2022.04.17-02.20.35:725][  0]LogPakFile: OnPakFileMounted2Time == 0.000035
[2022.04.17-02.20.35:725][  0]LogPakFile: PakFile PrimaryIndexSize=188
[2022.04.17-02.20.35:725][  0]LogPakFile: PakFile PathHashIndexSize=101
[2022.04.17-02.20.35:726][  0]LogPakFile: PakFile FullDirectoryIndexSize=150
[2022.04.17-02.20.35:726][  0]LogShaderLibrary: Display: ShaderCodeLibraryPakFileMountedCallback: PakFile 'C:/Program Files/Epic Games/UE_4.27/FeaturePacks/TP_VehicleAdvBP.upack' (chunk index -1, root 'root:/') mounted
[2022.04.17-02.20.35:726][  0]LogShaderLibrary: Display: ShaderCodeLibraryPakFileMountedCallback: pending pak file info (ChunkID:-1 Root:root:/ File:C:/Program Files/Epic Games/UE_4.27/FeaturePacks/TP_VehicleAdvBP.upack)
[2022.04.17-02.20.35:726][  0]LogPakFile: OnPakFileMounted2Time == 0.000034
[2022.04.17-02.20.35:726][  0]LogPakFile: PakFile PrimaryIndexSize=185
[2022.04.17-02.20.35:726][  0]LogPakFile: PakFile PathHashIndexSize=101
[2022.04.17-02.20.35:726][  0]LogPakFile: PakFile FullDirectoryIndexSize=144
[2022.04.17-02.20.35:726][  0]LogShaderLibrary: Display: ShaderCodeLibraryPakFileMountedCallback: PakFile 'C:/Program Files/Epic Games/UE_4.27/FeaturePacks/TP_VehicleBP.upack' (chunk index -1, root 'root:/') mounted
[2022.04.17-02.20.35:726][  0]LogShaderLibrary: Display: ShaderCodeLibraryPakFileMountedCallback: pending pak file info (ChunkID:-1 Root:root:/ File:C:/Program Files/Epic Games/UE_4.27/FeaturePacks/TP_VehicleBP.upack)
[2022.04.17-02.20.35:726][  0]LogPakFile: OnPakFileMounted2Time == 0.000034
[2022.04.17-02.20.35:727][  0]LogPakFile: PakFile PrimaryIndexSize=192
[2022.04.17-02.20.35:727][  0]LogPakFile: PakFile PathHashIndexSize=101
[2022.04.17-02.20.35:727][  0]LogPakFile: PakFile FullDirectoryIndexSize=158
[2022.04.17-02.20.35:727][  0]LogShaderLibrary: Display: ShaderCodeLibraryPakFileMountedCallback: PakFile 'C:/Program Files/Epic Games/UE_4.27/FeaturePacks/TP_VirtualRealityBP.upack' (chunk index -1, root 'root:/') mounted
[2022.04.17-02.20.35:727][  0]LogShaderLibrary: Display: ShaderCodeLibraryPakFileMountedCallback: pending pak file info (ChunkID:-1 Root:root:/ File:C:/Program Files/Epic Games/UE_4.27/FeaturePacks/TP_VirtualRealityBP.upack)
[2022.04.17-02.20.35:727][  0]LogPakFile: OnPakFileMounted2Time == 0.000034
[2022.04.17-02.20.35:804][  0]LogNativeClassHierarchy: Verbose: Native class hierarchy updated for 'AddContentDialog' in 0.0003 seconds. Added 0 classes and 0 folders.
[2022.04.17-02.20.35:805][  0]LogNativeClassHierarchy: Verbose: Native class hierarchy updated for 'SceneOutliner' in 0.0002 seconds. Added 2 classes and 0 folders.
[2022.04.17-02.20.35:828][  0]LogSlate: Took 0.000208 seconds to synchronously load lazily loaded font '../../../Engine/Content/Slate/Fonts/Roboto-Regular.ttf' (155K)
[2022.04.17-02.20.35:829][  0]LogSlate: Took 0.000298 seconds to synchronously load lazily loaded font '../../../Engine/Content/Editor/Slate/Fonts/FontAwesome.ttf' (139K)
[2022.04.17-02.20.35:830][  0]LogSlate: Took 0.000178 seconds to synchronously load lazily loaded font '../../../Engine/Content/Slate/Fonts/Roboto-Bold.ttf' (160K)
[2022.04.17-02.20.35:927][  0]LogRenderer: Reallocating scene render targets to support 1208x572 Format 10 NumSamples 1 (Frame:1).
[2022.04.17-02.20.36:028][  0]LogNativeClassHierarchy: Verbose: Native class hierarchy updated for 'HierarchicalLODOutliner' in 0.0003 seconds. Added 0 classes and 0 folders.
[2022.04.17-02.20.36:028][  0]LogLoad: (Engine Initialization) Total time: 8.27 seconds
[2022.04.17-02.20.36:028][  0]LogLoad: (Engine Initialization) Total Blueprint compile time: 0.00 seconds
[2022.04.17-02.20.36:074][  0]LogAssetRegistry: Asset discovery search completed in 4.6422 seconds
[2022.04.17-02.20.36:081][  0]LogCollectionManager: Fixed up redirectors for 0 collections in 0.000006 seconds (updated 0 objects)
[2022.04.17-02.20.36:087][  0]LogContentStreaming: Texture pool size now 1000 MB
[2022.04.17-02.20.36:162][  4]LogSlate: Took 0.000298 seconds to synchronously load lazily loaded font '../../../Engine/Content/Slate/Fonts/Roboto-Light.ttf' (167K)
[2022.04.17-02.27.02:244][ 90]LogEditorViewport: Clicking on Actor (LMB): StaticMeshActor (Floor)
[2022.04.17-02.27.03:017][164]LogEditorViewport: Clicking on Actor (LMB): StaticMeshActor (Wall1)
[2022.04.17-02.27.03:659][231]LogEditorViewport: Clicking on Actor (LMB): BP_Sky_Sphere_C (SkySphereBlueprint)
[2022.04.17-02.27.10:574][993]LogEditorViewport: Clicking on Actor (context menu): BP_Sky_Sphere_C (SkySphereBlueprint)
[2022.04.17-02.27.11:195][ 61]LogEditorViewport: Clicking on Actor (LMB): BP_Sky_Sphere_C (SkySphereBlueprint)
[2022.04.17-02.27.34:630][714]LogEditorViewport: Clicking on Actor (LMB): BP_Sky_Sphere_C (SkySphereBlueprint)
[2022.04.17-02.27.34:948][749]LogEditorViewport: Clicking on Actor (LMB): BP_Sky_Sphere_C (SkySphereBlueprint)
[2022.04.17-02.27.36:337][911]LogEditorViewport: Clicking on Actor (LMB): BP_Sky_Sphere_C (SkySphereBlueprint)
[2022.04.17-02.28.18:647][676]LogEditorViewport: Clicking on Actor (LMB): StaticMeshActor (Floor)
[2022.04.17-02.28.21:887][ 52]LogSlate: Took 0.000263 seconds to synchronously load lazily loaded font '../../../Engine/Content/Slate/Fonts/Roboto-Light.ttf' (167K)
[2022.04.17-02.28.32:418][298]Cmd: TRANSACTION UNDO
[2022.04.17-02.28.32:418][298]LogEditorTransaction: Undo Move Actors
[2022.04.17-02.28.32:930][330]LogEditorViewport: Clicking Background
[2022.04.17-02.28.35:183][578]Cmd: TRANSACTION UNDO
[2022.04.17-02.28.35:183][578]LogEditorTransaction: Undo Marquee Select
[2022.04.17-02.28.35:553][619]Cmd: TRANSACTION UNDO
[2022.04.17-02.28.35:553][619]LogEditorTransaction: Undo Clicking Background
[2022.04.17-02.28.35:755][636]Cmd: TRANSACTION UNDO
[2022.04.17-02.28.35:755][636]LogEditorTransaction: Undo Clicking on Actors
[2022.04.17-02.28.35:932][654]Cmd: TRANSACTION UNDO
[2022.04.17-02.28.35:932][654]LogEditorTransaction: Undo Clicking on Actors
[2022.04.17-02.29.01:930][645]LogTemp: Repeating last play command: Selected Viewport
[2022.04.17-02.29.01:935][645]LogPlayLevel: PlayLevel: No blueprints needed recompiling
[2022.04.17-02.29.01:936][645]PIE: New page: PIE session: FirstPersonExampleMap (Apr 16, 2022, 12:29:01 PM)
[2022.04.17-02.29.01:937][645]LogOnline: OSS: Creating online subsystem instance for: NULL
[2022.04.17-02.29.01:939][645]LogOnline: OSS: TryLoadSubsystemAndSetDefault: Loaded subsystem for module [NULL]
[2022.04.17-02.29.01:939][645]LogPlayLevel: Creating play world package: /Game/FirstPersonBP/Maps/UEDPIE_0_FirstPersonExampleMap
[2022.04.17-02.29.01:952][645]LogPlayLevel: PIE: StaticDuplicateObject took: (0.013025s)
[2022.04.17-02.29.01:953][645]LogAIModule: Creating AISystem for world FirstPersonExampleMap
[2022.04.17-02.29.01:953][645]LogPlayLevel: PIE: World Init took: (0.001353s)
[2022.04.17-02.29.01:953][645]LogPlayLevel: PIE: Created PIE world by copying editor world from /Game/FirstPersonBP/Maps/FirstPersonExampleMap.FirstPersonExampleMap to /Game/FirstPersonBP/Maps/UEDPIE_0_FirstPersonExampleMap.FirstPersonExampleMap (0.014549s)
[2022.04.17-02.29.01:976][645]LogUObjectHash: Compacting FUObjectHashTables data took   0.80ms
[2022.04.17-02.29.01:982][645]LogAudio: Display: Creating Audio Device:                 Id: 2, Scope: Unique, Realtime: True
[2022.04.17-02.29.01:982][645]LogAudioMixer: Display: Audio Mixer Platform Settings:
[2022.04.17-02.29.01:982][645]LogAudioMixer: Display: 	Sample Rate:						  48000
[2022.04.17-02.29.01:982][645]LogAudioMixer: Display: 	Callback Buffer Frame Size Requested: 1024
[2022.04.17-02.29.01:982][645]LogAudioMixer: Display: 	Callback Buffer Frame Size To Use:	  1024
[2022.04.17-02.29.01:982][645]LogAudioMixer: Display: 	Number of buffers to queue:			  2
[2022.04.17-02.29.01:982][645]LogAudioMixer: Display: 	Max Channels (voices):				  32
[2022.04.17-02.29.01:982][645]LogAudioMixer: Display: 	Number of Async Source Workers:		  0
[2022.04.17-02.29.01:982][645]LogAudio: Display: AudioDevice MaxSources: 32
[2022.04.17-02.29.01:982][645]LogAudio: Display: Audio Spatialization Plugin: None (built-in).
[2022.04.17-02.29.01:983][645]LogAudio: Display: Audio Reverb Plugin: None (built-in).
[2022.04.17-02.29.01:983][645]LogAudio: Display: Audio Occlusion Plugin: None (built-in).
[2022.04.17-02.29.01:983][645]LogAudioMixer: Display: Initializing audio mixer.
[2022.04.17-02.29.01:989][645]LogAudioMixer: Display: 0: FrontLeft
[2022.04.17-02.29.01:989][645]LogAudioMixer: Display: 1: FrontRight
[2022.04.17-02.29.02:001][645]LogAudioMixer: Display: Using Audio Device Speakers (High Definition Audio Device)
[2022.04.17-02.29.02:001][645]LogAudioMixer: Display: Initializing Sound Submixes...
[2022.04.17-02.29.02:002][645]LogAudioMixer: Display: Creating Master Submix 'MasterSubmixDefault'
[2022.04.17-02.29.02:002][645]LogAudioMixer: Display: Creating Master Submix 'MasterReverbSubmixDefault'
[2022.04.17-02.29.02:002][645]LogAudioMixer: Display: Creating Master Submix 'MasterEQSubmixDefault'
[2022.04.17-02.29.02:002][645]LogAudioMixer: FMixerPlatformXAudio2::StartAudioStream() called
[2022.04.17-02.29.02:002][645]LogAudioMixer: Display: Output buffers initialized: Frames=1024, Channels=2, Samples=2048
[2022.04.17-02.29.02:003][645]LogAudioMixer: Display: Starting AudioMixerPlatformInterface::RunInternal()
[2022.04.17-02.29.02:003][645]LogAudioMixer: Display: FMixerPlatformXAudio2::SubmitBuffer() called for the first time
[2022.04.17-02.29.02:003][645]LogInit: FAudioDevice initialized.
[2022.04.17-02.29.02:003][645]LogAudio: Display: Audio Device (ID: 2) registered with world 'FirstPersonExampleMap'.
[2022.04.17-02.29.02:019][645]LogLoad: Game class is 'FirstPersonGameMode_C'
[2022.04.17-02.29.02:022][645]LogWorld: Bringing World /Game/FirstPersonBP/Maps/UEDPIE_0_FirstPersonExampleMap.FirstPersonExampleMap up for play (max tick rate 0) at 2022.04.16-19.29.02
[2022.04.17-02.29.02:022][645]LogWorld: Bringing up level for play took: 0.002177
[2022.04.17-02.29.02:022][645]LogOnline: OSS: Creating online subsystem instance for: :Context_3
[2022.04.17-02.29.02:026][645]LogNativeClassHierarchy: Verbose: Native class hierarchy updated for 'MovieSceneCapture' in 0.0004 seconds. Added 20 classes and 0 folders.
[2022.04.17-02.29.02:026][645]PIE: Server logged in
[2022.04.17-02.29.02:028][645]PIE: Play in editor total start time 0.094 seconds.
[2022.04.17-02.29.07:658][310]LogSlate: Updating window title bar state: overlay mode, drag disabled, window buttons hidden, title bar hidden
[2022.04.17-02.29.07:658][310]LogWorld: BeginTearingDown for /Game/FirstPersonBP/Maps/UEDPIE_0_FirstPersonExampleMap
[2022.04.17-02.29.07:658][310]LogWorld: UWorld::CleanupWorld for FirstPersonExampleMap, bSessionEnded=true, bCleanupResources=true
[2022.04.17-02.29.07:658][310]LogSlate: InvalidateAllWidgets triggered.  All widgets were invalidated
[2022.04.17-02.29.07:664][310]LogPlayLevel: Display: Shutting down PIE online subsystems
[2022.04.17-02.29.07:678][310]LogSlate: InvalidateAllWidgets triggered.  All widgets were invalidated
[2022.04.17-02.29.07:684][310]LogAudio: Display: Audio Device unregistered from world 'None'.
[2022.04.17-02.29.07:684][310]LogAudioMixer: FMixerPlatformXAudio2::StopAudioStream() called
[2022.04.17-02.29.07:686][310]LogAudioMixer: FMixerPlatformXAudio2::StopAudioStream() called
[2022.04.17-02.29.07:688][310]LogSlate: Updating window title bar state: overlay mode, drag disabled, window buttons hidden, title bar hidden
[2022.04.17-02.29.07:690][310]LogUObjectHash: Compacting FUObjectHashTables data took   0.75ms
[2022.04.17-02.29.07:720][311]LogPlayLevel: Display: Destroying online subsystem :Context_3
[2022.04.17-02.29.22:198][987]LogSlate: Took 0.005403 seconds to synchronously load lazily loaded font '../../../Engine/Content/Slate/Fonts/Roboto-Italic.ttf' (157K)
[2022.04.17-02.30.41:794][928]LogUObjectHash: Compacting FUObjectHashTables data took   0.68ms
[2022.04.17-02.30.41:821][928]LogSavePackage: Moving '../../../../../../Users/Justin/Documents/GitHub/Parkour/Parkour/Saved/FirstPersonExampleMap_Auto17BF0390047D53F209CB68F89583C1E42.tmp' to '../../../../../../Users/Justin/Documents/GitHub/Parkour/Parkour/Saved/Autosaves/Game/FirstPersonBP/Maps/FirstPersonExampleMap_Auto1.umap'
[2022.04.17-02.30.41:823][928]LogFileHelpers: Editor autosave (incl. external actors) for '/Game/FirstPersonBP/Maps/FirstPersonExampleMap' took 0.033
[2022.04.17-02.30.41:823][928]LogFileHelpers: Editor autosave (incl. sublevels & external actors) for all levels took 0.033
[2022.04.17-02.32.57:927][691]LogNavigationPoint: PostEditMove Clear paths rebuilt
[2022.04.17-02.33.28:867][204]LogAssetEditorSubsystem: Opening Asset editor for Blueprint /Game/FirstPersonBP/Blueprints/FirstPersonCharacter.FirstPersonCharacter
[2022.04.17-02.33.29:083][204]LogNativeClassHierarchy: Verbose: Native class hierarchy updated for 'BlueprintGraph' in 0.0008 seconds. Added 126 classes and 0 folders.
[2022.04.17-02.33.30:065][204]LogSlate: Took 0.000234 seconds to synchronously load lazily loaded font '../../../Engine/Content/Slate/Fonts/Roboto-BoldCondensed.ttf' (158K)
[2022.04.17-02.36.27:620][978]LogSlate: Window 'FirstPersonCharacter' being destroyed
[2022.04.17-02.36.27:627][978]LogSlate: Window 'FirstPersonCharacter' being destroyed
[2022.04.17-02.36.27:667][978]LogWorld: UWorld::CleanupWorld for World_4, bSessionEnded=true, bCleanupResources=true
[2022.04.17-02.36.27:667][978]LogSlate: InvalidateAllWidgets triggered.  All widgets were invalidated
